{"meta": {"format": 3, "version": "7.10.4", "timestamp": "2025-08-18T17:33:59.345707", "branch_coverage": true, "show_contexts": false}, "files": {"app/api/ai/__init__.py": {"executed_lines": [1, 3, 5], "summary": {"covered_lines": 2, "num_statements": 2, "percent_covered": 100.0, "percent_covered_display": "100", "missing_lines": 0, "excluded_lines": 0, "num_branches": 0, "num_partial_branches": 0, "covered_branches": 0, "missing_branches": 0}, "missing_lines": [], "excluded_lines": [], "executed_branches": [], "missing_branches": [], "functions": {"": {"executed_lines": [1, 3, 5], "summary": {"covered_lines": 2, "num_statements": 2, "percent_covered": 100.0, "percent_covered_display": "100", "missing_lines": 0, "excluded_lines": 0, "num_branches": 0, "num_partial_branches": 0, "covered_branches": 0, "missing_branches": 0}, "missing_lines": [], "excluded_lines": [], "executed_branches": [], "missing_branches": []}}, "classes": {"": {"executed_lines": [1, 3, 5], "summary": {"covered_lines": 2, "num_statements": 2, "percent_covered": 100.0, "percent_covered_display": "100", "missing_lines": 0, "excluded_lines": 0, "num_branches": 0, "num_partial_branches": 0, "covered_branches": 0, "missing_branches": 0}, "missing_lines": [], "excluded_lines": [], "executed_branches": [], "missing_branches": []}}}, "app/api/ai/router.py": {"executed_lines": [1, 7, 9, 10, 12, 13, 14, 15, 17, 39, 42, 58, 64, 83, 89, 99, 105, 118, 124, 145, 151, 172, 178, 199, 205, 231, 237, 264, 270, 290, 296, 323, 329, 359, 365, 414, 420, 470, 476, 509, 515], "summary": {"covered_lines": 40, "num_statements": 124, "percent_covered": 31.746031746031747, "percent_covered_display": "32", "missing_lines": 84, "excluded_lines": 0, "num_branches": 2, "num_partial_branches": 0, "covered_branches": 0, "missing_branches": 2}, "missing_lines": [70, 71, 73, 74, 76, 80, 95, 96, 111, 112, 130, 132, 133, 134, 135, 137, 138, 139, 157, 159, 160, 161, 162, 164, 165, 166, 184, 186, 187, 188, 189, 191, 192, 193, 211, 213, 214, 215, 216, 218, 219, 222, 243, 245, 246, 247, 251, 253, 254, 255, 277, 303, 305, 335, 337, 338, 340, 349, 350, 351, 372, 374, 376, 385, 388, 403, 404, 405, 425, 429, 459, 460, 461, 481, 482, 499, 500, 501, 520, 521, 523, 544, 545, 546], "excluded_lines": [], "executed_branches": [], "missing_branches": [[73, 74], [73, 76]], "functions": {"validate_api_key": {"executed_lines": [], "summary": {"covered_lines": 0, "num_statements": 6, "percent_covered": 0.0, "percent_covered_display": "0", "missing_lines": 6, "excluded_lines": 0, "num_branches": 2, "num_partial_branches": 0, "covered_branches": 0, "missing_branches": 2}, "missing_lines": [70, 71, 73, 74, 76, 80], "excluded_lines": [], "executed_branches": [], "missing_branches": [[73, 74], [73, 76]]}, "get_ai_usage": {"executed_lines": [], "summary": {"covered_lines": 0, "num_statements": 2, "percent_covered": 0.0, "percent_covered_display": "0", "missing_lines": 2, "excluded_lines": 0, "num_branches": 0, "num_partial_branches": 0, "covered_branches": 0, "missing_branches": 0}, "missing_lines": [95, 96], "excluded_lines": [], "executed_branches": [], "missing_branches": []}, "get_available_models": {"executed_lines": [], "summary": {"covered_lines": 0, "num_statements": 2, "percent_covered": 0.0, "percent_covered_display": "0", "missing_lines": 2, "excluded_lines": 0, "num_branches": 0, "num_partial_branches": 0, "covered_branches": 0, "missing_branches": 0}, "missing_lines": [111, 112], "excluded_lines": [], "executed_branches": [], "missing_branches": []}, "suggest_command": {"executed_lines": [], "summary": {"covered_lines": 0, "num_statements": 8, "percent_covered": 0.0, "percent_covered_display": "0", "missing_lines": 8, "excluded_lines": 0, "num_branches": 0, "num_partial_branches": 0, "covered_branches": 0, "missing_branches": 0}, "missing_lines": [130, 132, 133, 134, 135, 137, 138, 139], "excluded_lines": [], "executed_branches": [], "missing_branches": []}, "explain_command": {"executed_lines": [], "summary": {"covered_lines": 0, "num_statements": 8, "percent_covered": 0.0, "percent_covered_display": "0", "missing_lines": 8, "excluded_lines": 0, "num_branches": 0, "num_partial_branches": 0, "covered_branches": 0, "missing_branches": 0}, "missing_lines": [157, 159, 160, 161, 162, 164, 165, 166], "excluded_lines": [], "executed_branches": [], "missing_branches": []}, "explain_error": {"executed_lines": [], "summary": {"covered_lines": 0, "num_statements": 8, "percent_covered": 0.0, "percent_covered_display": "0", "missing_lines": 8, "excluded_lines": 0, "num_branches": 0, "num_partial_branches": 0, "covered_branches": 0, "missing_branches": 0}, "missing_lines": [184, 186, 187, 188, 189, 191, 192, 193], "excluded_lines": [], "executed_branches": [], "missing_branches": []}, "optimize_command": {"executed_lines": [], "summary": {"covered_lines": 0, "num_statements": 8, "percent_covered": 0.0, "percent_covered_display": "0", "missing_lines": 8, "excluded_lines": 0, "num_branches": 0, "num_partial_branches": 0, "covered_branches": 0, "missing_branches": 0}, "missing_lines": [211, 213, 214, 215, 216, 218, 219, 222], "excluded_lines": [], "executed_branches": [], "missing_branches": []}, "process_batch_requests": {"executed_lines": [], "summary": {"covered_lines": 0, "num_statements": 8, "percent_covered": 0.0, "percent_covered_display": "0", "missing_lines": 8, "excluded_lines": 0, "num_branches": 0, "num_partial_branches": 0, "covered_branches": 0, "missing_branches": 0}, "missing_lines": [243, 245, 246, 247, 251, 253, 254, 255], "excluded_lines": [], "executed_branches": [], "missing_branches": []}, "get_ai_settings": {"executed_lines": [], "summary": {"covered_lines": 0, "num_statements": 1, "percent_covered": 0.0, "percent_covered_display": "0", "missing_lines": 1, "excluded_lines": 0, "num_branches": 0, "num_partial_branches": 0, "covered_branches": 0, "missing_branches": 0}, "missing_lines": [277], "excluded_lines": [], "executed_branches": [], "missing_branches": []}, "update_ai_settings": {"executed_lines": [], "summary": {"covered_lines": 0, "num_statements": 2, "percent_covered": 0.0, "percent_covered_display": "0", "missing_lines": 2, "excluded_lines": 0, "num_branches": 0, "num_partial_branches": 0, "covered_branches": 0, "missing_branches": 0}, "missing_lines": [303, 305], "excluded_lines": [], "executed_branches": [], "missing_branches": []}, "test_ai_connection": {"executed_lines": [], "summary": {"covered_lines": 0, "num_statements": 7, "percent_covered": 0.0, "percent_covered_display": "0", "missing_lines": 7, "excluded_lines": 0, "num_branches": 0, "num_partial_branches": 0, "covered_branches": 0, "missing_branches": 0}, "missing_lines": [335, 337, 338, 340, 349, 350, 351], "excluded_lines": [], "executed_branches": [], "missing_branches": []}, "quick_suggest": {"executed_lines": [], "summary": {"covered_lines": 0, "num_statements": 8, "percent_covered": 0.0, "percent_covered_display": "0", "missing_lines": 8, "excluded_lines": 0, "num_branches": 0, "num_partial_branches": 0, "covered_branches": 0, "missing_branches": 0}, "missing_lines": [372, 374, 376, 385, 388, 403, 404, 405], "excluded_lines": [], "executed_branches": [], "missing_branches": []}, "get_ai_usage_insights": {"executed_lines": [], "summary": {"covered_lines": 0, "num_statements": 5, "percent_covered": 0.0, "percent_covered_display": "0", "missing_lines": 5, "excluded_lines": 0, "num_branches": 0, "num_partial_branches": 0, "covered_branches": 0, "missing_branches": 0}, "missing_lines": [425, 429, 459, 460, 461], "excluded_lines": [], "executed_branches": [], "missing_branches": []}, "ai_service_health": {"executed_lines": [], "summary": {"covered_lines": 0, "num_statements": 5, "percent_covered": 0.0, "percent_covered_display": "0", "missing_lines": 5, "excluded_lines": 0, "num_branches": 0, "num_partial_branches": 0, "covered_branches": 0, "missing_branches": 0}, "missing_lines": [481, 482, 499, 500, 501], "excluded_lines": [], "executed_branches": [], "missing_branches": []}, "get_ai_service_status": {"executed_lines": [], "summary": {"covered_lines": 0, "num_statements": 6, "percent_covered": 0.0, "percent_covered_display": "0", "missing_lines": 6, "excluded_lines": 0, "num_branches": 0, "num_partial_branches": 0, "covered_branches": 0, "missing_branches": 0}, "missing_lines": [520, 521, 523, 544, 545, 546], "excluded_lines": [], "executed_branches": [], "missing_branches": []}, "": {"executed_lines": [1, 7, 9, 10, 12, 13, 14, 15, 17, 39, 42, 58, 64, 83, 89, 99, 105, 118, 124, 145, 151, 172, 178, 199, 205, 231, 237, 264, 270, 290, 296, 323, 329, 359, 365, 414, 420, 470, 476, 509, 515], "summary": {"covered_lines": 40, "num_statements": 40, "percent_covered": 100.0, "percent_covered_display": "100", "missing_lines": 0, "excluded_lines": 0, "num_branches": 0, "num_partial_branches": 0, "covered_branches": 0, "missing_branches": 0}, "missing_lines": [], "excluded_lines": [], "executed_branches": [], "missing_branches": []}}, "classes": {"": {"executed_lines": [1, 7, 9, 10, 12, 13, 14, 15, 17, 39, 42, 58, 64, 83, 89, 99, 105, 118, 124, 145, 151, 172, 178, 199, 205, 231, 237, 264, 270, 290, 296, 323, 329, 359, 365, 414, 420, 470, 476, 509, 515], "summary": {"covered_lines": 40, "num_statements": 124, "percent_covered": 31.746031746031747, "percent_covered_display": "32", "missing_lines": 84, "excluded_lines": 0, "num_branches": 2, "num_partial_branches": 0, "covered_branches": 0, "missing_branches": 2}, "missing_lines": [70, 71, 73, 74, 76, 80, 95, 96, 111, 112, 130, 132, 133, 134, 135, 137, 138, 139, 157, 159, 160, 161, 162, 164, 165, 166, 184, 186, 187, 188, 189, 191, 192, 193, 211, 213, 214, 215, 216, 218, 219, 222, 243, 245, 246, 247, 251, 253, 254, 255, 277, 303, 305, 335, 337, 338, 340, 349, 350, 351, 372, 374, 376, 385, 388, 403, 404, 405, 425, 429, 459, 460, 461, 481, 482, 499, 500, 501, 520, 521, 523, 544, 545, 546], "excluded_lines": [], "executed_branches": [], "missing_branches": [[73, 74], [73, 76]]}}}, "app/api/ai/schemas.py": {"executed_lines": [1, 7, 8, 9, 11, 14, 15, 17, 18, 21, 22, 24, 25, 26, 27, 30, 31, 33, 34, 35, 39, 40, 42, 47, 48, 50, 51, 52, 53, 56, 59, 62, 63, 65, 66, 67, 68, 69, 70, 71, 72, 76, 77, 79, 80, 88, 89, 92, 93, 96, 101, 102, 105, 110, 111, 113, 114, 115, 116, 121, 122, 125, 128, 131, 132, 138, 139, 141, 146, 147, 150, 151, 152, 155, 158, 162, 166, 167, 169, 170, 175, 176, 179, 180, 185, 186, 191, 192, 194, 195, 196, 199, 202, 207, 210, 213, 216, 217, 220, 225, 226, 228, 231, 232, 233, 234, 238, 242, 243, 245, 246, 249, 252, 253, 254, 257, 260, 263, 268, 271, 272, 274, 277, 278, 283, 286, 289, 294, 297, 302, 303, 308, 311, 314, 315, 317, 320, 321, 324, 325, 326, 327, 331, 335, 336, 338, 339, 344, 347, 350, 351, 356, 360, 365, 368, 369, 371, 372, 377, 380, 383, 388, 391, 396, 399, 404, 405, 407, 410, 411, 412, 413, 417, 421, 422, 424, 427, 430, 433, 434, 437, 440, 441, 442, 447, 448, 450, 451, 453, 457, 458, 460, 461, 462, 465, 466, 469, 472, 475, 476, 481, 482, 487, 488, 490, 491, 492, 495, 499, 500, 502, 503, 508, 509, 511, 512, 513, 514, 517, 521, 522, 524, 525, 529, 530, 535, 536, 538, 539, 540, 541, 542, 543], "summary": {"covered_lines": 206, "num_statements": 206, "percent_covered": 100.0, "percent_covered_display": "100", "missing_lines": 0, "excluded_lines": 0, "num_branches": 0, "num_partial_branches": 0, "covered_branches": 0, "missing_branches": 0}, "missing_lines": [], "excluded_lines": [], "executed_branches": [], "missing_branches": [], "functions": {"": {"executed_lines": [1, 7, 8, 9, 11, 14, 15, 17, 18, 21, 22, 24, 25, 26, 27, 30, 31, 33, 34, 35, 39, 40, 42, 47, 48, 50, 51, 52, 53, 56, 59, 62, 63, 65, 66, 67, 68, 69, 70, 71, 72, 76, 77, 79, 80, 88, 89, 92, 93, 96, 101, 102, 105, 110, 111, 113, 114, 115, 116, 121, 122, 125, 128, 131, 132, 138, 139, 141, 146, 147, 150, 151, 152, 155, 158, 162, 166, 167, 169, 170, 175, 176, 179, 180, 185, 186, 191, 192, 194, 195, 196, 199, 202, 207, 210, 213, 216, 217, 220, 225, 226, 228, 231, 232, 233, 234, 238, 242, 243, 245, 246, 249, 252, 253, 254, 257, 260, 263, 268, 271, 272, 274, 277, 278, 283, 286, 289, 294, 297, 302, 303, 308, 311, 314, 315, 317, 320, 321, 324, 325, 326, 327, 331, 335, 336, 338, 339, 344, 347, 350, 351, 356, 360, 365, 368, 369, 371, 372, 377, 380, 383, 388, 391, 396, 399, 404, 405, 407, 410, 411, 412, 413, 417, 421, 422, 424, 427, 430, 433, 434, 437, 440, 441, 442, 447, 448, 450, 451, 453, 457, 458, 460, 461, 462, 465, 466, 469, 472, 475, 476, 481, 482, 487, 488, 490, 491, 492, 495, 499, 500, 502, 503, 508, 509, 511, 512, 513, 514, 517, 521, 522, 524, 525, 529, 530, 535, 536, 538, 539, 540, 541, 542, 543], "summary": {"covered_lines": 206, "num_statements": 206, "percent_covered": 100.0, "percent_covered_display": "100", "missing_lines": 0, "excluded_lines": 0, "num_branches": 0, "num_partial_branches": 0, "covered_branches": 0, "missing_branches": 0}, "missing_lines": [], "excluded_lines": [], "executed_branches": [], "missing_branches": []}}, "classes": {"AIModel": {"executed_lines": [], "summary": {"covered_lines": 0, "num_statements": 0, "percent_covered": 100.0, "percent_covered_display": "100", "missing_lines": 0, "excluded_lines": 0, "num_branches": 0, "num_partial_branches": 0, "covered_branches": 0, "missing_branches": 0}, "missing_lines": [], "excluded_lines": [], "executed_branches": [], "missing_branches": []}, "AIServiceType": {"executed_lines": [], "summary": {"covered_lines": 0, "num_statements": 0, "percent_covered": 100.0, "percent_covered_display": "100", "missing_lines": 0, "excluded_lines": 0, "num_branches": 0, "num_partial_branches": 0, "covered_branches": 0, "missing_branches": 0}, "missing_lines": [], "excluded_lines": [], "executed_branches": [], "missing_branches": []}, "ConfidenceLevel": {"executed_lines": [], "summary": {"covered_lines": 0, "num_statements": 0, "percent_covered": 100.0, "percent_covered_display": "100", "missing_lines": 0, "excluded_lines": 0, "num_branches": 0, "num_partial_branches": 0, "covered_branches": 0, "missing_branches": 0}, "missing_lines": [], "excluded_lines": [], "executed_branches": [], "missing_branches": []}, "APIKeyValidation": {"executed_lines": [], "summary": {"covered_lines": 0, "num_statements": 0, "percent_covered": 100.0, "percent_covered_display": "100", "missing_lines": 0, "excluded_lines": 0, "num_branches": 0, "num_partial_branches": 0, "covered_branches": 0, "missing_branches": 0}, "missing_lines": [], "excluded_lines": [], "executed_branches": [], "missing_branches": []}, "APIKeyValidationResponse": {"executed_lines": [], "summary": {"covered_lines": 0, "num_statements": 0, "percent_covered": 100.0, "percent_covered_display": "100", "missing_lines": 0, "excluded_lines": 0, "num_branches": 0, "num_partial_branches": 0, "covered_branches": 0, "missing_branches": 0}, "missing_lines": [], "excluded_lines": [], "executed_branches": [], "missing_branches": []}, "AIUsageStats": {"executed_lines": [], "summary": {"covered_lines": 0, "num_statements": 0, "percent_covered": 100.0, "percent_covered_display": "100", "missing_lines": 0, "excluded_lines": 0, "num_branches": 0, "num_partial_branches": 0, "covered_branches": 0, "missing_branches": 0}, "missing_lines": [], "excluded_lines": [], "executed_branches": [], "missing_branches": []}, "CommandSuggestionRequest": {"executed_lines": [], "summary": {"covered_lines": 0, "num_statements": 0, "percent_covered": 100.0, "percent_covered_display": "100", "missing_lines": 0, "excluded_lines": 0, "num_branches": 0, "num_partial_branches": 0, "covered_branches": 0, "missing_branches": 0}, "missing_lines": [], "excluded_lines": [], "executed_branches": [], "missing_branches": []}, "CommandSuggestion": {"executed_lines": [], "summary": {"covered_lines": 0, "num_statements": 0, "percent_covered": 100.0, "percent_covered_display": "100", "missing_lines": 0, "excluded_lines": 0, "num_branches": 0, "num_partial_branches": 0, "covered_branches": 0, "missing_branches": 0}, "missing_lines": [], "excluded_lines": [], "executed_branches": [], "missing_branches": []}, "CommandSuggestionResponse": {"executed_lines": [], "summary": {"covered_lines": 0, "num_statements": 0, "percent_covered": 100.0, "percent_covered_display": "100", "missing_lines": 0, "excluded_lines": 0, "num_branches": 0, "num_partial_branches": 0, "covered_branches": 0, "missing_branches": 0}, "missing_lines": [], "excluded_lines": [], "executed_branches": [], "missing_branches": []}, "CommandExplanationRequest": {"executed_lines": [], "summary": {"covered_lines": 0, "num_statements": 0, "percent_covered": 100.0, "percent_covered_display": "100", "missing_lines": 0, "excluded_lines": 0, "num_branches": 0, "num_partial_branches": 0, "covered_branches": 0, "missing_branches": 0}, "missing_lines": [], "excluded_lines": [], "executed_branches": [], "missing_branches": []}, "CommandExplanation": {"executed_lines": [], "summary": {"covered_lines": 0, "num_statements": 0, "percent_covered": 100.0, "percent_covered_display": "100", "missing_lines": 0, "excluded_lines": 0, "num_branches": 0, "num_partial_branches": 0, "covered_branches": 0, "missing_branches": 0}, "missing_lines": [], "excluded_lines": [], "executed_branches": [], "missing_branches": []}, "CommandExplanationResponse": {"executed_lines": [], "summary": {"covered_lines": 0, "num_statements": 0, "percent_covered": 100.0, "percent_covered_display": "100", "missing_lines": 0, "excluded_lines": 0, "num_branches": 0, "num_partial_branches": 0, "covered_branches": 0, "missing_branches": 0}, "missing_lines": [], "excluded_lines": [], "executed_branches": [], "missing_branches": []}, "ErrorAnalysisRequest": {"executed_lines": [], "summary": {"covered_lines": 0, "num_statements": 0, "percent_covered": 100.0, "percent_covered_display": "100", "missing_lines": 0, "excluded_lines": 0, "num_branches": 0, "num_partial_branches": 0, "covered_branches": 0, "missing_branches": 0}, "missing_lines": [], "excluded_lines": [], "executed_branches": [], "missing_branches": []}, "ErrorAnalysis": {"executed_lines": [], "summary": {"covered_lines": 0, "num_statements": 0, "percent_covered": 100.0, "percent_covered_display": "100", "missing_lines": 0, "excluded_lines": 0, "num_branches": 0, "num_partial_branches": 0, "covered_branches": 0, "missing_branches": 0}, "missing_lines": [], "excluded_lines": [], "executed_branches": [], "missing_branches": []}, "ErrorAnalysisResponse": {"executed_lines": [], "summary": {"covered_lines": 0, "num_statements": 0, "percent_covered": 100.0, "percent_covered_display": "100", "missing_lines": 0, "excluded_lines": 0, "num_branches": 0, "num_partial_branches": 0, "covered_branches": 0, "missing_branches": 0}, "missing_lines": [], "excluded_lines": [], "executed_branches": [], "missing_branches": []}, "CommandOptimizationRequest": {"executed_lines": [], "summary": {"covered_lines": 0, "num_statements": 0, "percent_covered": 100.0, "percent_covered_display": "100", "missing_lines": 0, "excluded_lines": 0, "num_branches": 0, "num_partial_branches": 0, "covered_branches": 0, "missing_branches": 0}, "missing_lines": [], "excluded_lines": [], "executed_branches": [], "missing_branches": []}, "CommandOptimization": {"executed_lines": [], "summary": {"covered_lines": 0, "num_statements": 0, "percent_covered": 100.0, "percent_covered_display": "100", "missing_lines": 0, "excluded_lines": 0, "num_branches": 0, "num_partial_branches": 0, "covered_branches": 0, "missing_branches": 0}, "missing_lines": [], "excluded_lines": [], "executed_branches": [], "missing_branches": []}, "CommandOptimizationResponse": {"executed_lines": [], "summary": {"covered_lines": 0, "num_statements": 0, "percent_covered": 100.0, "percent_covered_display": "100", "missing_lines": 0, "excluded_lines": 0, "num_branches": 0, "num_partial_branches": 0, "covered_branches": 0, "missing_branches": 0}, "missing_lines": [], "excluded_lines": [], "executed_branches": [], "missing_branches": []}, "AISettings": {"executed_lines": [], "summary": {"covered_lines": 0, "num_statements": 0, "percent_covered": 100.0, "percent_covered_display": "100", "missing_lines": 0, "excluded_lines": 0, "num_branches": 0, "num_partial_branches": 0, "covered_branches": 0, "missing_branches": 0}, "missing_lines": [], "excluded_lines": [], "executed_branches": [], "missing_branches": []}, "AISettingsResponse": {"executed_lines": [], "summary": {"covered_lines": 0, "num_statements": 0, "percent_covered": 100.0, "percent_covered_display": "100", "missing_lines": 0, "excluded_lines": 0, "num_branches": 0, "num_partial_branches": 0, "covered_branches": 0, "missing_branches": 0}, "missing_lines": [], "excluded_lines": [], "executed_branches": [], "missing_branches": []}, "AIModelInfo": {"executed_lines": [], "summary": {"covered_lines": 0, "num_statements": 0, "percent_covered": 100.0, "percent_covered_display": "100", "missing_lines": 0, "excluded_lines": 0, "num_branches": 0, "num_partial_branches": 0, "covered_branches": 0, "missing_branches": 0}, "missing_lines": [], "excluded_lines": [], "executed_branches": [], "missing_branches": []}, "AvailableModelsResponse": {"executed_lines": [], "summary": {"covered_lines": 0, "num_statements": 0, "percent_covered": 100.0, "percent_covered_display": "100", "missing_lines": 0, "excluded_lines": 0, "num_branches": 0, "num_partial_branches": 0, "covered_branches": 0, "missing_branches": 0}, "missing_lines": [], "excluded_lines": [], "executed_branches": [], "missing_branches": []}, "MessageResponse": {"executed_lines": [], "summary": {"covered_lines": 0, "num_statements": 0, "percent_covered": 100.0, "percent_covered_display": "100", "missing_lines": 0, "excluded_lines": 0, "num_branches": 0, "num_partial_branches": 0, "covered_branches": 0, "missing_branches": 0}, "missing_lines": [], "excluded_lines": [], "executed_branches": [], "missing_branches": []}, "AIErrorResponse": {"executed_lines": [], "summary": {"covered_lines": 0, "num_statements": 0, "percent_covered": 100.0, "percent_covered_display": "100", "missing_lines": 0, "excluded_lines": 0, "num_branches": 0, "num_partial_branches": 0, "covered_branches": 0, "missing_branches": 0}, "missing_lines": [], "excluded_lines": [], "executed_branches": [], "missing_branches": []}, "BatchAIRequest": {"executed_lines": [], "summary": {"covered_lines": 0, "num_statements": 0, "percent_covered": 100.0, "percent_covered_display": "100", "missing_lines": 0, "excluded_lines": 0, "num_branches": 0, "num_partial_branches": 0, "covered_branches": 0, "missing_branches": 0}, "missing_lines": [], "excluded_lines": [], "executed_branches": [], "missing_branches": []}, "BatchAIResponse": {"executed_lines": [], "summary": {"covered_lines": 0, "num_statements": 0, "percent_covered": 100.0, "percent_covered_display": "100", "missing_lines": 0, "excluded_lines": 0, "num_branches": 0, "num_partial_branches": 0, "covered_branches": 0, "missing_branches": 0}, "missing_lines": [], "excluded_lines": [], "executed_branches": [], "missing_branches": []}, "": {"executed_lines": [1, 7, 8, 9, 11, 14, 15, 17, 18, 21, 22, 24, 25, 26, 27, 30, 31, 33, 34, 35, 39, 40, 42, 47, 48, 50, 51, 52, 53, 56, 59, 62, 63, 65, 66, 67, 68, 69, 70, 71, 72, 76, 77, 79, 80, 88, 89, 92, 93, 96, 101, 102, 105, 110, 111, 113, 114, 115, 116, 121, 122, 125, 128, 131, 132, 138, 139, 141, 146, 147, 150, 151, 152, 155, 158, 162, 166, 167, 169, 170, 175, 176, 179, 180, 185, 186, 191, 192, 194, 195, 196, 199, 202, 207, 210, 213, 216, 217, 220, 225, 226, 228, 231, 232, 233, 234, 238, 242, 243, 245, 246, 249, 252, 253, 254, 257, 260, 263, 268, 271, 272, 274, 277, 278, 283, 286, 289, 294, 297, 302, 303, 308, 311, 314, 315, 317, 320, 321, 324, 325, 326, 327, 331, 335, 336, 338, 339, 344, 347, 350, 351, 356, 360, 365, 368, 369, 371, 372, 377, 380, 383, 388, 391, 396, 399, 404, 405, 407, 410, 411, 412, 413, 417, 421, 422, 424, 427, 430, 433, 434, 437, 440, 441, 442, 447, 448, 450, 451, 453, 457, 458, 460, 461, 462, 465, 466, 469, 472, 475, 476, 481, 482, 487, 488, 490, 491, 492, 495, 499, 500, 502, 503, 508, 509, 511, 512, 513, 514, 517, 521, 522, 524, 525, 529, 530, 535, 536, 538, 539, 540, 541, 542, 543], "summary": {"covered_lines": 206, "num_statements": 206, "percent_covered": 100.0, "percent_covered_display": "100", "missing_lines": 0, "excluded_lines": 0, "num_branches": 0, "num_partial_branches": 0, "covered_branches": 0, "missing_branches": 0}, "missing_lines": [], "excluded_lines": [], "executed_branches": [], "missing_branches": []}}}, "app/api/ai/service.py": {"executed_lines": [1, 7, 8, 9, 11, 12, 14, 15, 16, 18, 50, 51, 53, 61, 86, 106, 168, 226, 295, 354, 398, 464, 491, 516, 545, 554, 567, 574, 622, 657, 695, 731, 747, 760, 771, 780, 793, 817, 832, 845, 856, 882, 917, 934, 951, 966], "summary": {"covered_lines": 44, "num_statements": 315, "percent_covered": 11.139240506329115, "percent_covered_display": "11", "missing_lines": 271, "excluded_lines": 0, "num_branches": 80, "num_partial_branches": 0, "covered_branches": 0, "missing_branches": 80}, "missing_lines": [54, 55, 58, 59, 63, 64, 66, 75, 76, 77, 88, 89, 91, 99, 100, 101, 110, 112, 115, 116, 117, 120, 129, 137, 143, 156, 158, 159, 161, 162, 163, 172, 174, 177, 178, 179, 182, 189, 197, 204, 214, 216, 217, 219, 220, 221, 230, 232, 237, 238, 239, 242, 249, 259, 267, 283, 285, 286, 288, 289, 290, 299, 301, 304, 305, 306, 309, 318, 326, 332, 342, 344, 345, 347, 348, 349, 356, 357, 359, 360, 361, 371, 374, 379, 384, 391, 392, 393, 402, 403, 404, 405, 406, 407, 409, 410, 412, 413, 416, 417, 420, 421, 425, 429, 437, 438, 440, 441, 442, 444, 446, 455, 456, 457, 469, 483, 485, 488, 489, 496, 508, 510, 513, 514, 521, 535, 537, 540, 541, 549, 551, 552, 556, 557, 558, 561, 564, 565, 569, 581, 583, 585, 588, 589, 592, 594, 595, 606, 608, 609, 611, 620, 630, 632, 634, 647, 649, 650, 651, 666, 667, 669, 677, 678, 680, 681, 683, 685, 686, 687, 702, 703, 705, 719, 721, 722, 723, 735, 736, 738, 744, 745, 752, 753, 755, 756, 758, 763, 764, 766, 767, 769, 775, 776, 778, 783, 784, 786, 787, 788, 789, 791, 795, 807, 808, 809, 810, 812, 813, 815, 819, 821, 822, 823, 824, 825, 826, 827, 828, 830, 834, 836, 837, 838, 839, 840, 841, 843, 847, 849, 850, 851, 852, 854, 859, 860, 862, 863, 864, 865, 866, 873, 880, 885, 886, 888, 889, 897, 898, 899, 907, 915, 920, 921, 923, 924, 925, 932, 936, 937, 939, 940, 941, 942, 949, 953, 955, 964, 968, 970, 976], "excluded_lines": [], "executed_branches": [], "missing_branches": [[116, 117], [116, 120], [178, 179], [178, 182], [238, 239], [238, 242], [305, 306], [305, 309], [360, 361], [360, 374], [409, 410], [409, 444], [412, 413], [412, 416], [416, 417], [416, 420], [420, 421], [420, 425], [556, 557], [556, 565], [558, 561], [558, 564], [585, 588], [585, 592], [594, 595], [594, 620], [677, 678], [677, 680], [680, 681], [680, 683], [735, 736], [735, 738], [786, 787], [786, 788], [788, 789], [788, 791], [808, 809], [808, 812], [809, 808], [809, 810], [812, 813], [812, 815], [821, 822], [821, 823], [823, 824], [823, 825], [825, 826], [825, 827], [827, 828], [827, 830], [836, 837], [836, 838], [838, 839], [838, 840], [840, 841], [840, 843], [849, 850], [849, 851], [851, 852], [851, 854], [862, 863], [862, 880], [863, 862], [863, 864], [864, 865], [864, 873], [888, 889], [888, 915], [897, 898], [897, 915], [898, 899], [898, 907], [923, 924], [923, 932], [924, 923], [924, 925], [939, 940], [939, 949], [940, 939], [940, 941]], "functions": {"AIService.__init__": {"executed_lines": [], "summary": {"covered_lines": 0, "num_statements": 4, "percent_covered": 0.0, "percent_covered_display": "0", "missing_lines": 4, "excluded_lines": 0, "num_branches": 0, "num_partial_branches": 0, "covered_branches": 0, "missing_branches": 0}, "missing_lines": [54, 55, 58, 59], "excluded_lines": [], "executed_branches": [], "missing_branches": []}, "AIService.validate_api_key": {"executed_lines": [], "summary": {"covered_lines": 0, "num_statements": 6, "percent_covered": 0.0, "percent_covered_display": "0", "missing_lines": 6, "excluded_lines": 0, "num_branches": 0, "num_partial_branches": 0, "covered_branches": 0, "missing_branches": 0}, "missing_lines": [63, 64, 66, 75, 76, 77], "excluded_lines": [], "executed_branches": [], "missing_branches": []}, "AIService.get_usage_stats": {"executed_lines": [], "summary": {"covered_lines": 0, "num_statements": 6, "percent_covered": 0.0, "percent_covered_display": "0", "missing_lines": 6, "excluded_lines": 0, "num_branches": 0, "num_partial_branches": 0, "covered_branches": 0, "missing_branches": 0}, "missing_lines": [88, 89, 91, 99, 100, 101], "excluded_lines": [], "executed_branches": [], "missing_branches": []}, "AIService.suggest_command": {"executed_lines": [], "summary": {"covered_lines": 0, "num_statements": 15, "percent_covered": 0.0, "percent_covered_display": "0", "missing_lines": 15, "excluded_lines": 0, "num_branches": 2, "num_partial_branches": 0, "covered_branches": 0, "missing_branches": 2}, "missing_lines": [110, 112, 115, 116, 117, 120, 129, 137, 143, 156, 158, 159, 161, 162, 163], "excluded_lines": [], "executed_branches": [], "missing_branches": [[116, 117], [116, 120]]}, "AIService.explain_command": {"executed_lines": [], "summary": {"covered_lines": 0, "num_statements": 15, "percent_covered": 0.0, "percent_covered_display": "0", "missing_lines": 15, "excluded_lines": 0, "num_branches": 2, "num_partial_branches": 0, "covered_branches": 0, "missing_branches": 2}, "missing_lines": [172, 174, 177, 178, 179, 182, 189, 197, 204, 214, 216, 217, 219, 220, 221], "excluded_lines": [], "executed_branches": [], "missing_branches": [[178, 179], [178, 182]]}, "AIService.analyze_error": {"executed_lines": [], "summary": {"covered_lines": 0, "num_statements": 15, "percent_covered": 0.0, "percent_covered_display": "0", "missing_lines": 15, "excluded_lines": 0, "num_branches": 2, "num_partial_branches": 0, "covered_branches": 0, "missing_branches": 2}, "missing_lines": [230, 232, 237, 238, 239, 242, 249, 259, 267, 283, 285, 286, 288, 289, 290], "excluded_lines": [], "executed_branches": [], "missing_branches": [[238, 239], [238, 242]]}, "AIService.optimize_command": {"executed_lines": [], "summary": {"covered_lines": 0, "num_statements": 15, "percent_covered": 0.0, "percent_covered_display": "0", "missing_lines": 15, "excluded_lines": 0, "num_branches": 2, "num_partial_branches": 0, "covered_branches": 0, "missing_branches": 2}, "missing_lines": [299, 301, 304, 305, 306, 309, 318, 326, 332, 342, 344, 345, 347, 348, 349], "excluded_lines": [], "executed_branches": [], "missing_branches": [[305, 306], [305, 309]]}, "AIService.get_available_models": {"executed_lines": [], "summary": {"covered_lines": 0, "num_statements": 12, "percent_covered": 0.0, "percent_covered_display": "0", "missing_lines": 12, "excluded_lines": 0, "num_branches": 2, "num_partial_branches": 0, "covered_branches": 0, "missing_branches": 2}, "missing_lines": [356, 357, 359, 360, 361, 371, 374, 379, 384, 391, 392, 393], "excluded_lines": [], "executed_branches": [], "missing_branches": [[360, 361], [360, 374]]}, "AIService.process_batch_requests": {"executed_lines": [], "summary": {"covered_lines": 0, "num_statements": 26, "percent_covered": 0.0, "percent_covered_display": "0", "missing_lines": 26, "excluded_lines": 0, "num_branches": 8, "num_partial_branches": 0, "covered_branches": 0, "missing_branches": 8}, "missing_lines": [402, 403, 404, 405, 406, 407, 409, 410, 412, 413, 416, 417, 420, 421, 425, 429, 437, 438, 440, 441, 442, 444, 446, 455, 456, 457], "excluded_lines": [], "executed_branches": [], "missing_branches": [[409, 410], [409, 444], [412, 413], [412, 416], [416, 417], [416, 420], [420, 421], [420, 425]]}, "AIService._process_batch_suggestion": {"executed_lines": [], "summary": {"covered_lines": 0, "num_statements": 5, "percent_covered": 0.0, "percent_covered_display": "0", "missing_lines": 5, "excluded_lines": 0, "num_branches": 0, "num_partial_branches": 0, "covered_branches": 0, "missing_branches": 0}, "missing_lines": [469, 483, 485, 488, 489], "excluded_lines": [], "executed_branches": [], "missing_branches": []}, "AIService._process_batch_explanation": {"executed_lines": [], "summary": {"covered_lines": 0, "num_statements": 5, "percent_covered": 0.0, "percent_covered_display": "0", "missing_lines": 5, "excluded_lines": 0, "num_branches": 0, "num_partial_branches": 0, "covered_branches": 0, "missing_branches": 0}, "missing_lines": [496, 508, 510, 513, 514], "excluded_lines": [], "executed_branches": [], "missing_branches": []}, "AIService._process_batch_error_analysis": {"executed_lines": [], "summary": {"covered_lines": 0, "num_statements": 5, "percent_covered": 0.0, "percent_covered_display": "0", "missing_lines": 5, "excluded_lines": 0, "num_branches": 0, "num_partial_branches": 0, "covered_branches": 0, "missing_branches": 0}, "missing_lines": [521, 535, 537, 540, 541], "excluded_lines": [], "executed_branches": [], "missing_branches": []}, "AIService._generate_cache_key": {"executed_lines": [], "summary": {"covered_lines": 0, "num_statements": 3, "percent_covered": 0.0, "percent_covered_display": "0", "missing_lines": 3, "excluded_lines": 0, "num_branches": 0, "num_partial_branches": 0, "covered_branches": 0, "missing_branches": 0}, "missing_lines": [549, 551, 552], "excluded_lines": [], "executed_branches": [], "missing_branches": []}, "AIService._get_cached_response": {"executed_lines": [], "summary": {"covered_lines": 0, "num_statements": 6, "percent_covered": 0.0, "percent_covered_display": "0", "missing_lines": 6, "excluded_lines": 0, "num_branches": 4, "num_partial_branches": 0, "covered_branches": 0, "missing_branches": 4}, "missing_lines": [556, 557, 558, 561, 564, 565], "excluded_lines": [], "executed_branches": [], "missing_branches": [[556, 557], [556, 565], [558, 561], [558, 564]]}, "AIService._cache_response": {"executed_lines": [], "summary": {"covered_lines": 0, "num_statements": 1, "percent_covered": 0.0, "percent_covered_display": "0", "missing_lines": 1, "excluded_lines": 0, "num_branches": 0, "num_partial_branches": 0, "covered_branches": 0, "missing_branches": 0}, "missing_lines": [569], "excluded_lines": [], "executed_branches": [], "missing_branches": []}, "AIService._parse_command_suggestions": {"executed_lines": [], "summary": {"covered_lines": 0, "num_statements": 13, "percent_covered": 0.0, "percent_covered_display": "0", "missing_lines": 13, "excluded_lines": 0, "num_branches": 4, "num_partial_branches": 0, "covered_branches": 0, "missing_branches": 4}, "missing_lines": [581, 583, 585, 588, 589, 592, 594, 595, 606, 608, 609, 611, 620], "excluded_lines": [], "executed_branches": [], "missing_branches": [[585, 588], [585, 592], [594, 595], [594, 620]]}, "AIService._parse_command_explanation": {"executed_lines": [], "summary": {"covered_lines": 0, "num_statements": 7, "percent_covered": 0.0, "percent_covered_display": "0", "missing_lines": 7, "excluded_lines": 0, "num_branches": 0, "num_partial_branches": 0, "covered_branches": 0, "missing_branches": 0}, "missing_lines": [630, 632, 634, 647, 649, 650, 651], "excluded_lines": [], "executed_branches": [], "missing_branches": []}, "AIService._parse_error_analysis": {"executed_lines": [], "summary": {"covered_lines": 0, "num_statements": 11, "percent_covered": 0.0, "percent_covered_display": "0", "missing_lines": 11, "excluded_lines": 0, "num_branches": 4, "num_partial_branches": 0, "covered_branches": 0, "missing_branches": 4}, "missing_lines": [666, 667, 669, 677, 678, 680, 681, 683, 685, 686, 687], "excluded_lines": [], "executed_branches": [], "missing_branches": [[677, 678], [677, 680], [680, 681], [680, 683]]}, "AIService._parse_command_optimization": {"executed_lines": [], "summary": {"covered_lines": 0, "num_statements": 7, "percent_covered": 0.0, "percent_covered_display": "0", "missing_lines": 7, "excluded_lines": 0, "num_branches": 0, "num_partial_branches": 0, "covered_branches": 0, "missing_branches": 0}, "missing_lines": [702, 703, 705, 719, 721, 722, 723], "excluded_lines": [], "executed_branches": [], "missing_branches": []}, "AIService._calculate_confidence_score": {"executed_lines": [], "summary": {"covered_lines": 0, "num_statements": 5, "percent_covered": 0.0, "percent_covered_display": "0", "missing_lines": 5, "excluded_lines": 0, "num_branches": 2, "num_partial_branches": 0, "covered_branches": 0, "missing_branches": 2}, "missing_lines": [735, 736, 738, 744, 745], "excluded_lines": [], "executed_branches": [], "missing_branches": [[735, 736], [735, 738]]}, "AIService._calculate_explanation_confidence": {"executed_lines": [], "summary": {"covered_lines": 0, "num_statements": 5, "percent_covered": 0.0, "percent_covered_display": "0", "missing_lines": 5, "excluded_lines": 0, "num_branches": 0, "num_partial_branches": 0, "covered_branches": 0, "missing_branches": 0}, "missing_lines": [752, 753, 755, 756, 758], "excluded_lines": [], "executed_branches": [], "missing_branches": []}, "AIService._calculate_analysis_confidence": {"executed_lines": [], "summary": {"covered_lines": 0, "num_statements": 5, "percent_covered": 0.0, "percent_covered_display": "0", "missing_lines": 5, "excluded_lines": 0, "num_branches": 0, "num_partial_branches": 0, "covered_branches": 0, "missing_branches": 0}, "missing_lines": [763, 764, 766, 767, 769], "excluded_lines": [], "executed_branches": [], "missing_branches": []}, "AIService._calculate_optimization_confidence": {"executed_lines": [], "summary": {"covered_lines": 0, "num_statements": 3, "percent_covered": 0.0, "percent_covered_display": "0", "missing_lines": 3, "excluded_lines": 0, "num_branches": 0, "num_partial_branches": 0, "covered_branches": 0, "missing_branches": 0}, "missing_lines": [775, 776, 778], "excluded_lines": [], "executed_branches": [], "missing_branches": []}, "AIService._assess_confidence": {"executed_lines": [], "summary": {"covered_lines": 0, "num_statements": 7, "percent_covered": 0.0, "percent_covered_display": "0", "missing_lines": 7, "excluded_lines": 0, "num_branches": 4, "num_partial_branches": 0, "covered_branches": 0, "missing_branches": 4}, "missing_lines": [783, 784, 786, 787, 788, 789, 791], "excluded_lines": [], "executed_branches": [], "missing_branches": [[786, 787], [786, 788], [788, 789], [788, 791]]}, "AIService._assess_safety": {"executed_lines": [], "summary": {"covered_lines": 0, "num_statements": 8, "percent_covered": 0.0, "percent_covered_display": "0", "missing_lines": 8, "excluded_lines": 0, "num_branches": 6, "num_partial_branches": 0, "covered_branches": 0, "missing_branches": 6}, "missing_lines": [795, 807, 808, 809, 810, 812, 813, 815], "excluded_lines": [], "executed_branches": [], "missing_branches": [[808, 809], [808, 812], [809, 808], [809, 810], [812, 813], [812, 815]]}, "AIService._classify_error": {"executed_lines": [], "summary": {"covered_lines": 0, "num_statements": 10, "percent_covered": 0.0, "percent_covered_display": "0", "missing_lines": 10, "excluded_lines": 0, "num_branches": 8, "num_partial_branches": 0, "covered_branches": 0, "missing_branches": 8}, "missing_lines": [819, 821, 822, 823, 824, 825, 826, 827, 828, 830], "excluded_lines": [], "executed_branches": [], "missing_branches": [[821, 822], [821, 823], [823, 824], [823, 825], [825, 826], [825, 827], [827, 828], [827, 830]]}, "AIService._assess_error_severity": {"executed_lines": [], "summary": {"covered_lines": 0, "num_statements": 8, "percent_covered": 0.0, "percent_covered_display": "0", "missing_lines": 8, "excluded_lines": 0, "num_branches": 6, "num_partial_branches": 0, "covered_branches": 0, "missing_branches": 6}, "missing_lines": [834, 836, 837, 838, 839, 840, 841, 843], "excluded_lines": [], "executed_branches": [], "missing_branches": [[836, 837], [836, 838], [838, 839], [838, 840], [840, 841], [840, 843]]}, "AIService._classify_model_performance": {"executed_lines": [], "summary": {"covered_lines": 0, "num_statements": 6, "percent_covered": 0.0, "percent_covered_display": "0", "missing_lines": 6, "excluded_lines": 0, "num_branches": 4, "num_partial_branches": 0, "covered_branches": 0, "missing_branches": 4}, "missing_lines": [847, 849, 850, 851, 852, 854], "excluded_lines": [], "executed_branches": [], "missing_branches": [[849, 850], [849, 851], [851, 852], [851, 854]]}, "AIService._parse_text_suggestions": {"executed_lines": [], "summary": {"covered_lines": 0, "num_statements": 9, "percent_covered": 0.0, "percent_covered_display": "0", "missing_lines": 9, "excluded_lines": 0, "num_branches": 6, "num_partial_branches": 0, "covered_branches": 0, "missing_branches": 6}, "missing_lines": [859, 860, 862, 863, 864, 865, 866, 873, 880], "excluded_lines": [], "executed_branches": [], "missing_branches": [[862, 863], [862, 880], [863, 862], [863, 864], [864, 865], [864, 873]]}, "AIService._extract_command_components": {"executed_lines": [], "summary": {"covered_lines": 0, "num_statements": 9, "percent_covered": 0.0, "percent_covered_display": "0", "missing_lines": 9, "excluded_lines": 0, "num_branches": 6, "num_partial_branches": 0, "covered_branches": 0, "missing_branches": 6}, "missing_lines": [885, 886, 888, 889, 897, 898, 899, 907, 915], "excluded_lines": [], "executed_branches": [], "missing_branches": [[888, 889], [888, 915], [897, 898], [897, 915], [898, 899], [898, 907]]}, "AIService._extract_examples": {"executed_lines": [], "summary": {"covered_lines": 0, "num_statements": 6, "percent_covered": 0.0, "percent_covered_display": "0", "missing_lines": 6, "excluded_lines": 0, "num_branches": 4, "num_partial_branches": 0, "covered_branches": 0, "missing_branches": 4}, "missing_lines": [920, 921, 923, 924, 925, 932], "excluded_lines": [], "executed_branches": [], "missing_branches": [[923, 924], [923, 932], [924, 923], [924, 925]]}, "AIService._extract_alternatives": {"executed_lines": [], "summary": {"covered_lines": 0, "num_statements": 7, "percent_covered": 0.0, "percent_covered_display": "0", "missing_lines": 7, "excluded_lines": 0, "num_branches": 4, "num_partial_branches": 0, "covered_branches": 0, "missing_branches": 4}, "missing_lines": [936, 937, 939, 940, 941, 942, 949], "excluded_lines": [], "executed_branches": [], "missing_branches": [[939, 940], [939, 949], [940, 939], [940, 941]]}, "AIService._extract_solutions": {"executed_lines": [], "summary": {"covered_lines": 0, "num_statements": 3, "percent_covered": 0.0, "percent_covered_display": "0", "missing_lines": 3, "excluded_lines": 0, "num_branches": 0, "num_partial_branches": 0, "covered_branches": 0, "missing_branches": 0}, "missing_lines": [953, 955, 964], "excluded_lines": [], "executed_branches": [], "missing_branches": []}, "AIService._extract_prevention_tips": {"executed_lines": [], "summary": {"covered_lines": 0, "num_statements": 3, "percent_covered": 0.0, "percent_covered_display": "0", "missing_lines": 3, "excluded_lines": 0, "num_branches": 0, "num_partial_branches": 0, "covered_branches": 0, "missing_branches": 0}, "missing_lines": [968, 970, 976], "excluded_lines": [], "executed_branches": [], "missing_branches": []}, "": {"executed_lines": [1, 7, 8, 9, 11, 12, 14, 15, 16, 18, 50, 51, 53, 61, 86, 106, 168, 226, 295, 354, 398, 464, 491, 516, 545, 554, 567, 574, 622, 657, 695, 731, 747, 760, 771, 780, 793, 817, 832, 845, 856, 882, 917, 934, 951, 966], "summary": {"covered_lines": 44, "num_statements": 44, "percent_covered": 100.0, "percent_covered_display": "100", "missing_lines": 0, "excluded_lines": 0, "num_branches": 0, "num_partial_branches": 0, "covered_branches": 0, "missing_branches": 0}, "missing_lines": [], "excluded_lines": [], "executed_branches": [], "missing_branches": []}}, "classes": {"AIService": {"executed_lines": [], "summary": {"covered_lines": 0, "num_statements": 271, "percent_covered": 0.0, "percent_covered_display": "0", "missing_lines": 271, "excluded_lines": 0, "num_branches": 80, "num_partial_branches": 0, "covered_branches": 0, "missing_branches": 80}, "missing_lines": [54, 55, 58, 59, 63, 64, 66, 75, 76, 77, 88, 89, 91, 99, 100, 101, 110, 112, 115, 116, 117, 120, 129, 137, 143, 156, 158, 159, 161, 162, 163, 172, 174, 177, 178, 179, 182, 189, 197, 204, 214, 216, 217, 219, 220, 221, 230, 232, 237, 238, 239, 242, 249, 259, 267, 283, 285, 286, 288, 289, 290, 299, 301, 304, 305, 306, 309, 318, 326, 332, 342, 344, 345, 347, 348, 349, 356, 357, 359, 360, 361, 371, 374, 379, 384, 391, 392, 393, 402, 403, 404, 405, 406, 407, 409, 410, 412, 413, 416, 417, 420, 421, 425, 429, 437, 438, 440, 441, 442, 444, 446, 455, 456, 457, 469, 483, 485, 488, 489, 496, 508, 510, 513, 514, 521, 535, 537, 540, 541, 549, 551, 552, 556, 557, 558, 561, 564, 565, 569, 581, 583, 585, 588, 589, 592, 594, 595, 606, 608, 609, 611, 620, 630, 632, 634, 647, 649, 650, 651, 666, 667, 669, 677, 678, 680, 681, 683, 685, 686, 687, 702, 703, 705, 719, 721, 722, 723, 735, 736, 738, 744, 745, 752, 753, 755, 756, 758, 763, 764, 766, 767, 769, 775, 776, 778, 783, 784, 786, 787, 788, 789, 791, 795, 807, 808, 809, 810, 812, 813, 815, 819, 821, 822, 823, 824, 825, 826, 827, 828, 830, 834, 836, 837, 838, 839, 840, 841, 843, 847, 849, 850, 851, 852, 854, 859, 860, 862, 863, 864, 865, 866, 873, 880, 885, 886, 888, 889, 897, 898, 899, 907, 915, 920, 921, 923, 924, 925, 932, 936, 937, 939, 940, 941, 942, 949, 953, 955, 964, 968, 970, 976], "excluded_lines": [], "executed_branches": [], "missing_branches": [[116, 117], [116, 120], [178, 179], [178, 182], [238, 239], [238, 242], [305, 306], [305, 309], [360, 361], [360, 374], [409, 410], [409, 444], [412, 413], [412, 416], [416, 417], [416, 420], [420, 421], [420, 425], [556, 557], [556, 565], [558, 561], [558, 564], [585, 588], [585, 592], [594, 595], [594, 620], [677, 678], [677, 680], [680, 681], [680, 683], [735, 736], [735, 738], [786, 787], [786, 788], [788, 789], [788, 791], [808, 809], [808, 812], [809, 808], [809, 810], [812, 813], [812, 815], [821, 822], [821, 823], [823, 824], [823, 825], [825, 826], [825, 827], [827, 828], [827, 830], [836, 837], [836, 838], [838, 839], [838, 840], [840, 841], [840, 843], [849, 850], [849, 851], [851, 852], [851, 854], [862, 863], [862, 880], [863, 862], [863, 864], [864, 865], [864, 873], [888, 889], [888, 915], [897, 898], [897, 915], [898, 899], [898, 907], [923, 924], [923, 932], [924, 923], [924, 925], [939, 940], [939, 949], [940, 939], [940, 941]]}, "": {"executed_lines": [1, 7, 8, 9, 11, 12, 14, 15, 16, 18, 50, 51, 53, 61, 86, 106, 168, 226, 295, 354, 398, 464, 491, 516, 545, 554, 567, 574, 622, 657, 695, 731, 747, 760, 771, 780, 793, 817, 832, 845, 856, 882, 917, 934, 951, 966], "summary": {"covered_lines": 44, "num_statements": 44, "percent_covered": 100.0, "percent_covered_display": "100", "missing_lines": 0, "excluded_lines": 0, "num_branches": 0, "num_partial_branches": 0, "covered_branches": 0, "missing_branches": 0}, "missing_lines": [], "excluded_lines": [], "executed_branches": [], "missing_branches": []}}}, "app/api/commands/__init__.py": {"executed_lines": [1, 3, 5], "summary": {"covered_lines": 2, "num_statements": 2, "percent_covered": 100.0, "percent_covered_display": "100", "missing_lines": 0, "excluded_lines": 0, "num_branches": 0, "num_partial_branches": 0, "covered_branches": 0, "missing_branches": 0}, "missing_lines": [], "excluded_lines": [], "executed_branches": [], "missing_branches": [], "functions": {"": {"executed_lines": [1, 3, 5], "summary": {"covered_lines": 2, "num_statements": 2, "percent_covered": 100.0, "percent_covered_display": "100", "missing_lines": 0, "excluded_lines": 0, "num_branches": 0, "num_partial_branches": 0, "covered_branches": 0, "missing_branches": 0}, "missing_lines": [], "excluded_lines": [], "executed_branches": [], "missing_branches": []}}, "classes": {"": {"executed_lines": [1, 3, 5], "summary": {"covered_lines": 2, "num_statements": 2, "percent_covered": 100.0, "percent_covered_display": "100", "missing_lines": 0, "excluded_lines": 0, "num_branches": 0, "num_partial_branches": 0, "covered_branches": 0, "missing_branches": 0}, "missing_lines": [], "excluded_lines": [], "executed_branches": [], "missing_branches": []}}}, "app/api/commands/router.py": {"executed_lines": [1, 8, 9, 11, 12, 14, 15, 16, 17, 19, 42, 45, 61, 67, 81, 87, 97, 103, 118, 124, 145, 151, 160, 166, 176, 182, 195, 201, 213, 219, 232, 238, 314, 320, 375, 381, 440, 446, 532, 538, 573, 579], "summary": {"covered_lines": 41, "num_statements": 131, "percent_covered": 29.078014184397162, "percent_covered_display": "29", "missing_lines": 90, "excluded_lines": 0, "num_branches": 10, "num_partial_branches": 0, "covered_branches": 0, "missing_branches": 10}, "missing_lines": [75, 76, 93, 94, 109, 110, 112, 130, 131, 133, 156, 157, 172, 173, 189, 190, 206, 207, 225, 226, 244, 246, 247, 248, 250, 251, 252, 253, 254, 261, 263, 266, 273, 276, 278, 279, 287, 289, 290, 298, 300, 302, 326, 330, 331, 333, 336, 349, 350, 355, 364, 365, 366, 387, 388, 391, 392, 395, 425, 432, 433, 434, 451, 452, 455, 456, 459, 492, 493, 501, 504, 512, 521, 522, 523, 543, 544, 547, 549, 563, 564, 565, 584, 585, 588, 592, 594, 635, 636, 637], "excluded_lines": [], "executed_branches": [], "missing_branches": [[250, 251], [250, 300], [252, 253], [252, 263], [263, 266], [263, 276], [492, 493], [492, 501], [501, 504], [501, 512]], "functions": {"get_command_history": {"executed_lines": [], "summary": {"covered_lines": 0, "num_statements": 2, "percent_covered": 0.0, "percent_covered_display": "0", "missing_lines": 2, "excluded_lines": 0, "num_branches": 0, "num_partial_branches": 0, "covered_branches": 0, "missing_branches": 0}, "missing_lines": [75, 76], "excluded_lines": [], "executed_branches": [], "missing_branches": []}, "get_command_details": {"executed_lines": [], "summary": {"covered_lines": 0, "num_statements": 2, "percent_covered": 0.0, "percent_covered_display": "0", "missing_lines": 2, "excluded_lines": 0, "num_branches": 0, "num_partial_branches": 0, "covered_branches": 0, "missing_branches": 0}, "missing_lines": [93, 94], "excluded_lines": [], "executed_branches": [], "missing_branches": []}, "delete_command": {"executed_lines": [], "summary": {"covered_lines": 0, "num_statements": 3, "percent_covered": 0.0, "percent_covered_display": "0", "missing_lines": 3, "excluded_lines": 0, "num_branches": 0, "num_partial_branches": 0, "covered_branches": 0, "missing_branches": 0}, "missing_lines": [109, 110, 112], "excluded_lines": [], "executed_branches": [], "missing_branches": []}, "search_commands": {"executed_lines": [], "summary": {"covered_lines": 0, "num_statements": 3, "percent_covered": 0.0, "percent_covered_display": "0", "missing_lines": 3, "excluded_lines": 0, "num_branches": 0, "num_partial_branches": 0, "covered_branches": 0, "missing_branches": 0}, "missing_lines": [130, 131, 133], "excluded_lines": [], "executed_branches": [], "missing_branches": []}, "get_usage_stats": {"executed_lines": [], "summary": {"covered_lines": 0, "num_statements": 2, "percent_covered": 0.0, "percent_covered_display": "0", "missing_lines": 2, "excluded_lines": 0, "num_branches": 0, "num_partial_branches": 0, "covered_branches": 0, "missing_branches": 0}, "missing_lines": [156, 157], "excluded_lines": [], "executed_branches": [], "missing_branches": []}, "get_session_stats": {"executed_lines": [], "summary": {"covered_lines": 0, "num_statements": 2, "percent_covered": 0.0, "percent_covered_display": "0", "missing_lines": 2, "excluded_lines": 0, "num_branches": 0, "num_partial_branches": 0, "covered_branches": 0, "missing_branches": 0}, "missing_lines": [172, 173], "excluded_lines": [], "executed_branches": [], "missing_branches": []}, "get_frequent_commands": {"executed_lines": [], "summary": {"covered_lines": 0, "num_statements": 2, "percent_covered": 0.0, "percent_covered_display": "0", "missing_lines": 2, "excluded_lines": 0, "num_branches": 0, "num_partial_branches": 0, "covered_branches": 0, "missing_branches": 0}, "missing_lines": [189, 190], "excluded_lines": [], "executed_branches": [], "missing_branches": []}, "get_command_metrics": {"executed_lines": [], "summary": {"covered_lines": 0, "num_statements": 2, "percent_covered": 0.0, "percent_covered_display": "0", "missing_lines": 2, "excluded_lines": 0, "num_branches": 0, "num_partial_branches": 0, "covered_branches": 0, "missing_branches": 0}, "missing_lines": [206, 207], "excluded_lines": [], "executed_branches": [], "missing_branches": []}, "get_command_suggestions": {"executed_lines": [], "summary": {"covered_lines": 0, "num_statements": 2, "percent_covered": 0.0, "percent_covered_display": "0", "missing_lines": 2, "excluded_lines": 0, "num_branches": 0, "num_partial_branches": 0, "covered_branches": 0, "missing_branches": 0}, "missing_lines": [225, 226], "excluded_lines": [], "executed_branches": [], "missing_branches": []}, "bulk_command_operations": {"executed_lines": [], "summary": {"covered_lines": 0, "num_statements": 22, "percent_covered": 0.0, "percent_covered_display": "0", "missing_lines": 22, "excluded_lines": 0, "num_branches": 6, "num_partial_branches": 0, "covered_branches": 0, "missing_branches": 6}, "missing_lines": [244, 246, 247, 248, 250, 251, 252, 253, 254, 261, 263, 266, 273, 276, 278, 279, 287, 289, 290, 298, 300, 302], "excluded_lines": [], "executed_branches": [], "missing_branches": [[250, 251], [250, 300], [252, 253], [252, 263], [263, 266], [263, 276]]}, "export_commands": {"executed_lines": [], "summary": {"covered_lines": 0, "num_statements": 11, "percent_covered": 0.0, "percent_covered_display": "0", "missing_lines": 11, "excluded_lines": 0, "num_branches": 0, "num_partial_branches": 0, "covered_branches": 0, "missing_branches": 0}, "missing_lines": [326, 330, 331, 333, 336, 349, 350, 355, 364, 365, 366], "excluded_lines": [], "executed_branches": [], "missing_branches": []}, "get_command_patterns": {"executed_lines": [], "summary": {"covered_lines": 0, "num_statements": 9, "percent_covered": 0.0, "percent_covered_display": "0", "missing_lines": 9, "excluded_lines": 0, "num_branches": 0, "num_partial_branches": 0, "covered_branches": 0, "missing_branches": 0}, "missing_lines": [387, 388, 391, 392, 395, 425, 432, 433, 434], "excluded_lines": [], "executed_branches": [], "missing_branches": []}, "get_performance_insights": {"executed_lines": [], "summary": {"covered_lines": 0, "num_statements": 13, "percent_covered": 0.0, "percent_covered_display": "0", "missing_lines": 13, "excluded_lines": 0, "num_branches": 4, "num_partial_branches": 0, "covered_branches": 0, "missing_branches": 4}, "missing_lines": [451, 452, 455, 456, 459, 492, 493, 501, 504, 512, 521, 522, 523], "excluded_lines": [], "executed_branches": [], "missing_branches": [[492, 493], [492, 501], [501, 504], [501, 512]]}, "command_service_health": {"executed_lines": [], "summary": {"covered_lines": 0, "num_statements": 7, "percent_covered": 0.0, "percent_covered_display": "0", "missing_lines": 7, "excluded_lines": 0, "num_branches": 0, "num_partial_branches": 0, "covered_branches": 0, "missing_branches": 0}, "missing_lines": [543, 544, 547, 549, 563, 564, 565], "excluded_lines": [], "executed_branches": [], "missing_branches": []}, "get_command_summary": {"executed_lines": [], "summary": {"covered_lines": 0, "num_statements": 8, "percent_covered": 0.0, "percent_covered_display": "0", "missing_lines": 8, "excluded_lines": 0, "num_branches": 0, "num_partial_branches": 0, "covered_branches": 0, "missing_branches": 0}, "missing_lines": [584, 585, 588, 592, 594, 635, 636, 637], "excluded_lines": [], "executed_branches": [], "missing_branches": []}, "": {"executed_lines": [1, 8, 9, 11, 12, 14, 15, 16, 17, 19, 42, 45, 61, 67, 81, 87, 97, 103, 118, 124, 145, 151, 160, 166, 176, 182, 195, 201, 213, 219, 232, 238, 314, 320, 375, 381, 440, 446, 532, 538, 573, 579], "summary": {"covered_lines": 41, "num_statements": 41, "percent_covered": 100.0, "percent_covered_display": "100", "missing_lines": 0, "excluded_lines": 0, "num_branches": 0, "num_partial_branches": 0, "covered_branches": 0, "missing_branches": 0}, "missing_lines": [], "excluded_lines": [], "executed_branches": [], "missing_branches": []}}, "classes": {"": {"executed_lines": [1, 8, 9, 11, 12, 14, 15, 16, 17, 19, 42, 45, 61, 67, 81, 87, 97, 103, 118, 124, 145, 151, 160, 166, 176, 182, 195, 201, 213, 219, 232, 238, 314, 320, 375, 381, 440, 446, 532, 538, 573, 579], "summary": {"covered_lines": 41, "num_statements": 131, "percent_covered": 29.078014184397162, "percent_covered_display": "29", "missing_lines": 90, "excluded_lines": 0, "num_branches": 10, "num_partial_branches": 0, "covered_branches": 0, "missing_branches": 10}, "missing_lines": [75, 76, 93, 94, 109, 110, 112, 130, 131, 133, 156, 157, 172, 173, 189, 190, 206, 207, 225, 226, 244, 246, 247, 248, 250, 251, 252, 253, 254, 261, 263, 266, 273, 276, 278, 279, 287, 289, 290, 298, 300, 302, 326, 330, 331, 333, 336, 349, 350, 355, 364, 365, 366, 387, 388, 391, 392, 395, 425, 432, 433, 434, 451, 452, 455, 456, 459, 492, 493, 501, 504, 512, 521, 522, 523, 543, 544, 547, 549, 563, 564, 565, 584, 585, 588, 592, 594, 635, 636, 637], "excluded_lines": [], "executed_branches": [], "missing_branches": [[250, 251], [250, 300], [252, 253], [252, 263], [263, 266], [263, 276], [492, 493], [492, 501], [501, 504], [501, 512]]}}}, "app/api/commands/schemas.py": {"executed_lines": [1, 7, 8, 9, 11, 14, 15, 17, 20, 21, 23, 24, 25, 26, 27, 28, 31, 32, 34, 35, 36, 37, 38, 39, 40, 41, 42, 43, 46, 47, 49, 50, 51, 52, 53, 57, 58, 60, 63, 66, 69, 72, 75, 76, 78, 79, 80, 83, 84, 86, 87, 88, 91, 92, 95, 96, 97, 98, 101, 102, 103, 106, 111, 114, 119, 120, 123, 124, 128, 131, 132, 134, 135, 136, 137, 138, 142, 143, 145, 146, 147, 148, 149, 150, 151, 154, 155, 156, 159, 160, 163, 164, 165, 168, 169, 171, 172, 173, 174, 175, 179, 180, 182, 187, 188, 189, 190, 193, 196, 199, 202, 207, 208, 209, 214, 219, 222, 225, 226, 227, 228, 232, 233, 235, 236, 237, 238, 241, 242, 243, 246, 247, 250, 251, 252, 255, 258, 263, 264, 266, 267, 268, 269, 270, 271, 272, 273, 276, 277, 279, 280, 281, 282, 283, 287, 288, 290, 291, 292, 293, 294, 295, 296, 297, 300, 301, 303, 304, 305, 306, 310, 311, 313, 314, 315, 316, 319, 320, 321, 324, 325, 328, 329, 331, 337, 338, 339, 342, 345, 351, 352, 354, 355, 356, 357, 360, 365, 366, 367, 370, 371, 373, 374, 375, 376, 377, 379, 383, 384, 386, 389, 390, 391, 392, 393, 394, 399, 400, 402, 403, 404, 405, 406, 407, 411, 412, 414, 415, 416, 417, 420, 421, 424, 425, 430, 431, 435, 436, 438, 439, 440, 441, 442, 443, 444, 445, 448, 452, 453, 455, 458, 459, 462, 463, 465, 466, 467, 468, 469], "summary": {"covered_lines": 232, "num_statements": 232, "percent_covered": 100.0, "percent_covered_display": "100", "missing_lines": 0, "excluded_lines": 0, "num_branches": 0, "num_partial_branches": 0, "covered_branches": 0, "missing_branches": 0}, "missing_lines": [], "excluded_lines": [], "executed_branches": [], "missing_branches": [], "functions": {"": {"executed_lines": [1, 7, 8, 9, 11, 14, 15, 17, 20, 21, 23, 24, 25, 26, 27, 28, 31, 32, 34, 35, 36, 37, 38, 39, 40, 41, 42, 43, 46, 47, 49, 50, 51, 52, 53, 57, 58, 60, 63, 66, 69, 72, 75, 76, 78, 79, 80, 83, 84, 86, 87, 88, 91, 92, 95, 96, 97, 98, 101, 102, 103, 106, 111, 114, 119, 120, 123, 124, 128, 131, 132, 134, 135, 136, 137, 138, 142, 143, 145, 146, 147, 148, 149, 150, 151, 154, 155, 156, 159, 160, 163, 164, 165, 168, 169, 171, 172, 173, 174, 175, 179, 180, 182, 187, 188, 189, 190, 193, 196, 199, 202, 207, 208, 209, 214, 219, 222, 225, 226, 227, 228, 232, 233, 235, 236, 237, 238, 241, 242, 243, 246, 247, 250, 251, 252, 255, 258, 263, 264, 266, 267, 268, 269, 270, 271, 272, 273, 276, 277, 279, 280, 281, 282, 283, 287, 288, 290, 291, 292, 293, 294, 295, 296, 297, 300, 301, 303, 304, 305, 306, 310, 311, 313, 314, 315, 316, 319, 320, 321, 324, 325, 328, 329, 331, 337, 338, 339, 342, 345, 351, 352, 354, 355, 356, 357, 360, 365, 366, 367, 370, 371, 373, 374, 375, 376, 377, 379, 383, 384, 386, 389, 390, 391, 392, 393, 394, 399, 400, 402, 403, 404, 405, 406, 407, 411, 412, 414, 415, 416, 417, 420, 421, 424, 425, 430, 431, 435, 436, 438, 439, 440, 441, 442, 443, 444, 445, 448, 452, 453, 455, 458, 459, 462, 463, 465, 466, 467, 468, 469], "summary": {"covered_lines": 232, "num_statements": 232, "percent_covered": 100.0, "percent_covered_display": "100", "missing_lines": 0, "excluded_lines": 0, "num_branches": 0, "num_partial_branches": 0, "covered_branches": 0, "missing_branches": 0}, "missing_lines": [], "excluded_lines": [], "executed_branches": [], "missing_branches": []}}, "classes": {"MessageResponse": {"executed_lines": [], "summary": {"covered_lines": 0, "num_statements": 0, "percent_covered": 100.0, "percent_covered_display": "100", "missing_lines": 0, "excluded_lines": 0, "num_branches": 0, "num_partial_branches": 0, "covered_branches": 0, "missing_branches": 0}, "missing_lines": [], "excluded_lines": [], "executed_branches": [], "missing_branches": []}, "CommandStatus": {"executed_lines": [], "summary": {"covered_lines": 0, "num_statements": 0, "percent_covered": 100.0, "percent_covered_display": "100", "missing_lines": 0, "excluded_lines": 0, "num_branches": 0, "num_partial_branches": 0, "covered_branches": 0, "missing_branches": 0}, "missing_lines": [], "excluded_lines": [], "executed_branches": [], "missing_branches": []}, "CommandType": {"executed_lines": [], "summary": {"covered_lines": 0, "num_statements": 0, "percent_covered": 100.0, "percent_covered_display": "100", "missing_lines": 0, "excluded_lines": 0, "num_branches": 0, "num_partial_branches": 0, "covered_branches": 0, "missing_branches": 0}, "missing_lines": [], "excluded_lines": [], "executed_branches": [], "missing_branches": []}, "OutputFormat": {"executed_lines": [], "summary": {"covered_lines": 0, "num_statements": 0, "percent_covered": 100.0, "percent_covered_display": "100", "missing_lines": 0, "excluded_lines": 0, "num_branches": 0, "num_partial_branches": 0, "covered_branches": 0, "missing_branches": 0}, "missing_lines": [], "excluded_lines": [], "executed_branches": [], "missing_branches": []}, "CommandBase": {"executed_lines": [], "summary": {"covered_lines": 0, "num_statements": 0, "percent_covered": 100.0, "percent_covered_display": "100", "missing_lines": 0, "excluded_lines": 0, "num_branches": 0, "num_partial_branches": 0, "covered_branches": 0, "missing_branches": 0}, "missing_lines": [], "excluded_lines": [], "executed_branches": [], "missing_branches": []}, "CommandExecute": {"executed_lines": [], "summary": {"covered_lines": 0, "num_statements": 0, "percent_covered": 100.0, "percent_covered_display": "100", "missing_lines": 0, "excluded_lines": 0, "num_branches": 0, "num_partial_branches": 0, "covered_branches": 0, "missing_branches": 0}, "missing_lines": [], "excluded_lines": [], "executed_branches": [], "missing_branches": []}, "CommandResponse": {"executed_lines": [], "summary": {"covered_lines": 0, "num_statements": 0, "percent_covered": 100.0, "percent_covered_display": "100", "missing_lines": 0, "excluded_lines": 0, "num_branches": 0, "num_partial_branches": 0, "covered_branches": 0, "missing_branches": 0}, "missing_lines": [], "excluded_lines": [], "executed_branches": [], "missing_branches": []}, "CommandListResponse": {"executed_lines": [], "summary": {"covered_lines": 0, "num_statements": 0, "percent_covered": 100.0, "percent_covered_display": "100", "missing_lines": 0, "excluded_lines": 0, "num_branches": 0, "num_partial_branches": 0, "covered_branches": 0, "missing_branches": 0}, "missing_lines": [], "excluded_lines": [], "executed_branches": [], "missing_branches": []}, "CommandHistoryEntry": {"executed_lines": [], "summary": {"covered_lines": 0, "num_statements": 0, "percent_covered": 100.0, "percent_covered_display": "100", "missing_lines": 0, "excluded_lines": 0, "num_branches": 0, "num_partial_branches": 0, "covered_branches": 0, "missing_branches": 0}, "missing_lines": [], "excluded_lines": [], "executed_branches": [], "missing_branches": []}, "CommandHistoryResponse": {"executed_lines": [], "summary": {"covered_lines": 0, "num_statements": 0, "percent_covered": 100.0, "percent_covered_display": "100", "missing_lines": 0, "excluded_lines": 0, "num_branches": 0, "num_partial_branches": 0, "covered_branches": 0, "missing_branches": 0}, "missing_lines": [], "excluded_lines": [], "executed_branches": [], "missing_branches": []}, "CommandSearchRequest": {"executed_lines": [], "summary": {"covered_lines": 0, "num_statements": 0, "percent_covered": 100.0, "percent_covered_display": "100", "missing_lines": 0, "excluded_lines": 0, "num_branches": 0, "num_partial_branches": 0, "covered_branches": 0, "missing_branches": 0}, "missing_lines": [], "excluded_lines": [], "executed_branches": [], "missing_branches": []}, "CommandUsageStats": {"executed_lines": [], "summary": {"covered_lines": 0, "num_statements": 0, "percent_covered": 100.0, "percent_covered_display": "100", "missing_lines": 0, "excluded_lines": 0, "num_branches": 0, "num_partial_branches": 0, "covered_branches": 0, "missing_branches": 0}, "missing_lines": [], "excluded_lines": [], "executed_branches": [], "missing_branches": []}, "SessionCommandStats": {"executed_lines": [], "summary": {"covered_lines": 0, "num_statements": 0, "percent_covered": 100.0, "percent_covered_display": "100", "missing_lines": 0, "excluded_lines": 0, "num_branches": 0, "num_partial_branches": 0, "covered_branches": 0, "missing_branches": 0}, "missing_lines": [], "excluded_lines": [], "executed_branches": [], "missing_branches": []}, "CommandTypeStats": {"executed_lines": [], "summary": {"covered_lines": 0, "num_statements": 0, "percent_covered": 100.0, "percent_covered_display": "100", "missing_lines": 0, "excluded_lines": 0, "num_branches": 0, "num_partial_branches": 0, "covered_branches": 0, "missing_branches": 0}, "missing_lines": [], "excluded_lines": [], "executed_branches": [], "missing_branches": []}, "FrequentCommand": {"executed_lines": [], "summary": {"covered_lines": 0, "num_statements": 0, "percent_covered": 100.0, "percent_covered_display": "100", "missing_lines": 0, "excluded_lines": 0, "num_branches": 0, "num_partial_branches": 0, "covered_branches": 0, "missing_branches": 0}, "missing_lines": [], "excluded_lines": [], "executed_branches": [], "missing_branches": []}, "FrequentCommandsResponse": {"executed_lines": [], "summary": {"covered_lines": 0, "num_statements": 0, "percent_covered": 100.0, "percent_covered_display": "100", "missing_lines": 0, "excluded_lines": 0, "num_branches": 0, "num_partial_branches": 0, "covered_branches": 0, "missing_branches": 0}, "missing_lines": [], "excluded_lines": [], "executed_branches": [], "missing_branches": []}, "CommandSuggestion": {"executed_lines": [], "summary": {"covered_lines": 0, "num_statements": 0, "percent_covered": 100.0, "percent_covered_display": "100", "missing_lines": 0, "excluded_lines": 0, "num_branches": 0, "num_partial_branches": 0, "covered_branches": 0, "missing_branches": 0}, "missing_lines": [], "excluded_lines": [], "executed_branches": [], "missing_branches": []}, "CommandSuggestionRequest": {"executed_lines": [], "summary": {"covered_lines": 0, "num_statements": 0, "percent_covered": 100.0, "percent_covered_display": "100", "missing_lines": 0, "excluded_lines": 0, "num_branches": 0, "num_partial_branches": 0, "covered_branches": 0, "missing_branches": 0}, "missing_lines": [], "excluded_lines": [], "executed_branches": [], "missing_branches": []}, "CommandTemplate": {"executed_lines": [], "summary": {"covered_lines": 0, "num_statements": 0, "percent_covered": 100.0, "percent_covered_display": "100", "missing_lines": 0, "excluded_lines": 0, "num_branches": 0, "num_partial_branches": 0, "covered_branches": 0, "missing_branches": 0}, "missing_lines": [], "excluded_lines": [], "executed_branches": [], "missing_branches": []}, "CommandTemplateResponse": {"executed_lines": [], "summary": {"covered_lines": 0, "num_statements": 0, "percent_covered": 100.0, "percent_covered_display": "100", "missing_lines": 0, "excluded_lines": 0, "num_branches": 0, "num_partial_branches": 0, "covered_branches": 0, "missing_branches": 0}, "missing_lines": [], "excluded_lines": [], "executed_branches": [], "missing_branches": []}, "CommandExportRequest": {"executed_lines": [], "summary": {"covered_lines": 0, "num_statements": 0, "percent_covered": 100.0, "percent_covered_display": "100", "missing_lines": 0, "excluded_lines": 0, "num_branches": 0, "num_partial_branches": 0, "covered_branches": 0, "missing_branches": 0}, "missing_lines": [], "excluded_lines": [], "executed_branches": [], "missing_branches": []}, "CommandExportResponse": {"executed_lines": [], "summary": {"covered_lines": 0, "num_statements": 0, "percent_covered": 100.0, "percent_covered_display": "100", "missing_lines": 0, "excluded_lines": 0, "num_branches": 0, "num_partial_branches": 0, "covered_branches": 0, "missing_branches": 0}, "missing_lines": [], "excluded_lines": [], "executed_branches": [], "missing_branches": []}, "CommandMetrics": {"executed_lines": [], "summary": {"covered_lines": 0, "num_statements": 0, "percent_covered": 100.0, "percent_covered_display": "100", "missing_lines": 0, "excluded_lines": 0, "num_branches": 0, "num_partial_branches": 0, "covered_branches": 0, "missing_branches": 0}, "missing_lines": [], "excluded_lines": [], "executed_branches": [], "missing_branches": []}, "CommandAlert": {"executed_lines": [], "summary": {"covered_lines": 0, "num_statements": 0, "percent_covered": 100.0, "percent_covered_display": "100", "missing_lines": 0, "excluded_lines": 0, "num_branches": 0, "num_partial_branches": 0, "covered_branches": 0, "missing_branches": 0}, "missing_lines": [], "excluded_lines": [], "executed_branches": [], "missing_branches": []}, "BulkCommandOperation": {"executed_lines": [], "summary": {"covered_lines": 0, "num_statements": 0, "percent_covered": 100.0, "percent_covered_display": "100", "missing_lines": 0, "excluded_lines": 0, "num_branches": 0, "num_partial_branches": 0, "covered_branches": 0, "missing_branches": 0}, "missing_lines": [], "excluded_lines": [], "executed_branches": [], "missing_branches": []}, "BulkCommandResponse": {"executed_lines": [], "summary": {"covered_lines": 0, "num_statements": 0, "percent_covered": 100.0, "percent_covered_display": "100", "missing_lines": 0, "excluded_lines": 0, "num_branches": 0, "num_partial_branches": 0, "covered_branches": 0, "missing_branches": 0}, "missing_lines": [], "excluded_lines": [], "executed_branches": [], "missing_branches": []}, "": {"executed_lines": [1, 7, 8, 9, 11, 14, 15, 17, 20, 21, 23, 24, 25, 26, 27, 28, 31, 32, 34, 35, 36, 37, 38, 39, 40, 41, 42, 43, 46, 47, 49, 50, 51, 52, 53, 57, 58, 60, 63, 66, 69, 72, 75, 76, 78, 79, 80, 83, 84, 86, 87, 88, 91, 92, 95, 96, 97, 98, 101, 102, 103, 106, 111, 114, 119, 120, 123, 124, 128, 131, 132, 134, 135, 136, 137, 138, 142, 143, 145, 146, 147, 148, 149, 150, 151, 154, 155, 156, 159, 160, 163, 164, 165, 168, 169, 171, 172, 173, 174, 175, 179, 180, 182, 187, 188, 189, 190, 193, 196, 199, 202, 207, 208, 209, 214, 219, 222, 225, 226, 227, 228, 232, 233, 235, 236, 237, 238, 241, 242, 243, 246, 247, 250, 251, 252, 255, 258, 263, 264, 266, 267, 268, 269, 270, 271, 272, 273, 276, 277, 279, 280, 281, 282, 283, 287, 288, 290, 291, 292, 293, 294, 295, 296, 297, 300, 301, 303, 304, 305, 306, 310, 311, 313, 314, 315, 316, 319, 320, 321, 324, 325, 328, 329, 331, 337, 338, 339, 342, 345, 351, 352, 354, 355, 356, 357, 360, 365, 366, 367, 370, 371, 373, 374, 375, 376, 377, 379, 383, 384, 386, 389, 390, 391, 392, 393, 394, 399, 400, 402, 403, 404, 405, 406, 407, 411, 412, 414, 415, 416, 417, 420, 421, 424, 425, 430, 431, 435, 436, 438, 439, 440, 441, 442, 443, 444, 445, 448, 452, 453, 455, 458, 459, 462, 463, 465, 466, 467, 468, 469], "summary": {"covered_lines": 232, "num_statements": 232, "percent_covered": 100.0, "percent_covered_display": "100", "missing_lines": 0, "excluded_lines": 0, "num_branches": 0, "num_partial_branches": 0, "covered_branches": 0, "missing_branches": 0}, "missing_lines": [], "excluded_lines": [], "executed_branches": [], "missing_branches": []}}}, "app/api/commands/service.py": {"executed_lines": [1, 7, 8, 9, 10, 12, 13, 15, 16, 17, 18, 20, 37, 38, 40, 89, 155, 242, 299, 326, 453, 484, 547, 608, 726, 734, 741, 792, 811, 816, 845, 877, 895, 912], "summary": {"covered_lines": 32, "num_statements": 257, "percent_covered": 9.3841642228739, "percent_covered_display": "9", "missing_lines": 225, "excluded_lines": 0, "num_branches": 84, "num_partial_branches": 0, "covered_branches": 0, "missing_branches": 84}, "missing_lines": [41, 42, 43, 46, 77, 97, 99, 104, 105, 107, 108, 110, 135, 138, 140, 148, 149, 150, 159, 161, 163, 164, 166, 167, 169, 170, 172, 173, 176, 196, 199, 200, 201, 231, 233, 235, 236, 237, 246, 247, 249, 250, 255, 290, 291, 292, 293, 294, 301, 302, 304, 305, 310, 311, 313, 314, 316, 317, 318, 319, 320, 321, 328, 330, 336, 337, 355, 356, 357, 360, 363, 364, 365, 366, 369, 372, 375, 376, 377, 378, 380, 387, 394, 403, 404, 414, 417, 429, 446, 447, 448, 457, 459, 461, 462, 463, 473, 475, 477, 478, 479, 488, 490, 491, 495, 496, 504, 506, 507, 508, 510, 518, 528, 531, 533, 540, 541, 542, 551, 552, 555, 560, 563, 566, 569, 573, 578, 582, 585, 589, 592, 593, 598, 599, 601, 602, 603, 610, 611, 612, 613, 616, 621, 625, 635, 646, 651, 663, 670, 679, 684, 687, 688, 690, 691, 692, 693, 694, 695, 697, 699, 704, 717, 718, 719, 728, 729, 730, 731, 732, 736, 737, 738, 739, 745, 755, 757, 759, 760, 761, 763, 764, 766, 767, 769, 772, 775, 776, 777, 778, 790, 795, 798, 801, 804, 807, 809, 813, 814, 818, 820, 821, 832, 833, 843, 849, 851, 852, 863, 864, 875, 879, 881, 882, 893, 897, 899, 900, 910, 916, 919, 921, 922, 923, 933], "excluded_lines": [], "executed_branches": [], "missing_branches": [[105, 107], [105, 138], [107, 108], [107, 110], [163, 164], [163, 166], [166, 167], [166, 169], [169, 170], [169, 172], [172, 173], [172, 176], [200, 201], [200, 233], [249, 250], [249, 255], [304, 305], [304, 310], [336, 337], [336, 355], [462, 463], [462, 475], [495, 496], [495, 504], [507, 508], [507, 531], [508, 507], [508, 510], [563, 566], [563, 569], [569, 573], [569, 578], [578, 582], [578, 585], [585, 589], [585, 592], [592, 593], [592, 598], [688, 690], [688, 699], [690, 691], [690, 692], [692, 693], [692, 694], [694, 695], [694, 697], [728, 729], [728, 732], [729, 728], [729, 730], [730, 729], [730, 731], [736, 737], [736, 739], [737, 736], [737, 738], [755, 757], [755, 775], [763, 764], [763, 766], [766, 767], [766, 769], [769, 755], [769, 772], [776, 777], [776, 790], [777, 776], [777, 778], [820, 821], [820, 832], [832, 833], [832, 843], [851, 852], [851, 863], [863, 864], [863, 875], [881, 882], [881, 893], [899, 900], [899, 910], [921, 922], [921, 933], [922, 921], [922, 923]], "functions": {"CommandService.__init__": {"executed_lines": [], "summary": {"covered_lines": 0, "num_statements": 5, "percent_covered": 0.0, "percent_covered_display": "0", "missing_lines": 5, "excluded_lines": 0, "num_branches": 0, "num_partial_branches": 0, "covered_branches": 0, "missing_branches": 0}, "missing_lines": [41, 42, 43, 46, 77], "excluded_lines": [], "executed_branches": [], "missing_branches": []}, "CommandService.get_command_history": {"executed_lines": [], "summary": {"covered_lines": 0, "num_statements": 13, "percent_covered": 0.0, "percent_covered_display": "0", "missing_lines": 13, "excluded_lines": 0, "num_branches": 4, "num_partial_branches": 0, "covered_branches": 0, "missing_branches": 4}, "missing_lines": [97, 99, 104, 105, 107, 108, 110, 135, 138, 140, 148, 149, 150], "excluded_lines": [], "executed_branches": [], "missing_branches": [[105, 107], [105, 138], [107, 108], [107, 110]]}, "CommandService.search_commands": {"executed_lines": [], "summary": {"covered_lines": 0, "num_statements": 20, "percent_covered": 0.0, "percent_covered_display": "0", "missing_lines": 20, "excluded_lines": 0, "num_branches": 10, "num_partial_branches": 0, "covered_branches": 0, "missing_branches": 10}, "missing_lines": [159, 161, 163, 164, 166, 167, 169, 170, 172, 173, 176, 196, 199, 200, 201, 231, 233, 235, 236, 237], "excluded_lines": [], "executed_branches": [], "missing_branches": [[163, 164], [163, 166], [166, 167], [166, 169], [169, 170], [169, 172], [172, 173], [172, 176], [200, 201], [200, 233]]}, "CommandService.get_command_details": {"executed_lines": [], "summary": {"covered_lines": 0, "num_statements": 10, "percent_covered": 0.0, "percent_covered_display": "0", "missing_lines": 10, "excluded_lines": 0, "num_branches": 2, "num_partial_branches": 0, "covered_branches": 0, "missing_branches": 2}, "missing_lines": [246, 247, 249, 250, 255, 290, 291, 292, 293, 294], "excluded_lines": [], "executed_branches": [], "missing_branches": [[249, 250], [249, 255]]}, "CommandService.delete_command": {"executed_lines": [], "summary": {"covered_lines": 0, "num_statements": 14, "percent_covered": 0.0, "percent_covered_display": "0", "missing_lines": 14, "excluded_lines": 0, "num_branches": 2, "num_partial_branches": 0, "covered_branches": 0, "missing_branches": 2}, "missing_lines": [301, 302, 304, 305, 310, 311, 313, 314, 316, 317, 318, 319, 320, 321], "excluded_lines": [], "executed_branches": [], "missing_branches": [[304, 305], [304, 310]]}, "CommandService.get_usage_stats": {"executed_lines": [], "summary": {"covered_lines": 0, "num_statements": 29, "percent_covered": 0.0, "percent_covered_display": "0", "missing_lines": 29, "excluded_lines": 0, "num_branches": 2, "num_partial_branches": 0, "covered_branches": 0, "missing_branches": 2}, "missing_lines": [328, 330, 336, 337, 355, 356, 357, 360, 363, 364, 365, 366, 369, 372, 375, 376, 377, 378, 380, 387, 394, 403, 404, 414, 417, 429, 446, 447, 448], "excluded_lines": [], "executed_branches": [], "missing_branches": [[336, 337], [336, 355]]}, "CommandService.get_session_command_stats": {"executed_lines": [], "summary": {"covered_lines": 0, "num_statements": 10, "percent_covered": 0.0, "percent_covered_display": "0", "missing_lines": 10, "excluded_lines": 0, "num_branches": 2, "num_partial_branches": 0, "covered_branches": 0, "missing_branches": 2}, "missing_lines": [457, 459, 461, 462, 463, 473, 475, 477, 478, 479], "excluded_lines": [], "executed_branches": [], "missing_branches": [[462, 463], [462, 475]]}, "CommandService.get_frequent_commands": {"executed_lines": [], "summary": {"covered_lines": 0, "num_statements": 17, "percent_covered": 0.0, "percent_covered_display": "0", "missing_lines": 17, "excluded_lines": 0, "num_branches": 6, "num_partial_branches": 0, "covered_branches": 0, "missing_branches": 6}, "missing_lines": [488, 490, 491, 495, 496, 504, 506, 507, 508, 510, 518, 528, 531, 533, 540, 541, 542], "excluded_lines": [], "executed_branches": [], "missing_branches": [[495, 496], [495, 504], [507, 508], [507, 531], [508, 507], [508, 510]]}, "CommandService.get_command_suggestions": {"executed_lines": [], "summary": {"covered_lines": 0, "num_statements": 19, "percent_covered": 0.0, "percent_covered_display": "0", "missing_lines": 19, "excluded_lines": 0, "num_branches": 10, "num_partial_branches": 0, "covered_branches": 0, "missing_branches": 10}, "missing_lines": [551, 552, 555, 560, 563, 566, 569, 573, 578, 582, 585, 589, 592, 593, 598, 599, 601, 602, 603], "excluded_lines": [], "executed_branches": [], "missing_branches": [[563, 566], [563, 569], [569, 573], [569, 578], [578, 582], [578, 585], [585, 589], [585, 592], [592, 593], [592, 598]]}, "CommandService.get_command_metrics": {"executed_lines": [], "summary": {"covered_lines": 0, "num_statements": 28, "percent_covered": 0.0, "percent_covered_display": "0", "missing_lines": 28, "excluded_lines": 0, "num_branches": 8, "num_partial_branches": 0, "covered_branches": 0, "missing_branches": 8}, "missing_lines": [610, 611, 612, 613, 616, 621, 625, 635, 646, 651, 663, 670, 679, 684, 687, 688, 690, 691, 692, 693, 694, 695, 697, 699, 704, 717, 718, 719], "excluded_lines": [], "executed_branches": [], "missing_branches": [[688, 690], [688, 6
[...]
"summary": {"covered_lines": 0, "num_statements": 41, "percent_covered": 0.0, "percent_covered_display": "0", "missing_lines": 41, "excluded_lines": 0, "num_branches": 8, "num_partial_branches": 0, "covered_branches": 0, "missing_branches": 8}, "missing_lines": [75, 76, 81, 82, 85, 95, 96, 97, 98, 99, 100, 101, 106, 109, 115, 122, 123, 125, 126, 132, 133, 134, 146, 148, 149, 152, 155, 157, 159, 165, 166, 167, 168, 173, 174, 175, 176, 181, 182, 183, 184], "excluded_lines": [], "executed_branches": [], "missing_branches": [[95, 96], [95, 106], [106, 109], [106, 115], [122, 123], [122, 125], [133, 134], [133, 146]]}, "SSHHandler.disconnect": {"executed_lines": [], "summary": {"covered_lines": 0, "num_statements": 18, "percent_covered": 0.0, "percent_covered_display": "0", "missing_lines": 18, "excluded_lines": 0, "num_branches": 6, "num_partial_branches": 0, "covered_branches": 0, "missing_branches": 6}, "missing_lines": [192, 193, 196, 197, 198, 201, 202, 203, 204, 205, 206, 209, 210, 211, 212, 213, 214, 216], "excluded_lines": [], "executed_branches": [], "missing_branches": [[197, 198], [197, 201], [201, 202], [201, 209], [209, 210], [209, 216]]}, "SSHHandler.write_input": {"executed_lines": [], "summary": {"covered_lines": 0, "num_statements": 8, "percent_covered": 0.0, "percent_covered_display": "0", "missing_lines": 8, "excluded_lines": 0, "num_branches": 2, "num_partial_branches": 0, "covered_branches": 0, "missing_branches": 2}, "missing_lines": [228, 229, 231, 233, 234, 236, 237, 238], "excluded_lines": [], "executed_branches": [], "missing_branches": [[228, 229], [228, 231]]}, "SSHHandler.resize_terminal": {"executed_lines": [], "summary": {"covered_lines": 0, "num_statements": 11, "percent_covered": 0.0, "percent_covered_display": "0", "missing_lines": 11, "excluded_lines": 0, "num_branches": 2, "num_partial_branches": 0, "covered_branches": 0, "missing_branches": 2}, "missing_lines": [251, 252, 254, 255, 256, 259, 261, 262, 264, 265, 266], "excluded_lines": [], "executed_branches": [], "missing_branches": [[251, 252], [251, 254]]}, "SSHHandler.send_signal": {"executed_lines": [], "summary": {"covered_lines": 0, "num_statements": 14, "percent_covered": 0.0, "percent_covered_display": "0", "missing_lines": 14, "excluded_lines": 0, "num_branches": 4, "num_partial_branches": 0, "covered_branches": 0, "missing_branches": 4}, "missing_lines": [278, 279, 281, 283, 290, 291, 292, 293, 294, 296, 297, 299, 300, 301], "excluded_lines": [], "executed_branches": [], "missing_branches": [[278, 279], [278, 281], [291, 292], [291, 296]]}, "SSHHandler._create_shell_channel": {"executed_lines": [], "summary": {"covered_lines": 0, "num_statements": 5, "percent_covered": 0.0, "percent_covered_display": "0", "missing_lines": 5, "excluded_lines": 0, "num_branches": 2, "num_partial_branches": 0, "covered_branches": 0, "missing_branches": 2}, "missing_lines": [305, 306, 309, 314, 316], "excluded_lines": [], "executed_branches": [], "missing_branches": [[305, 306], [305, 309]]}, "SSHHandler._read_output_loop": {"executed_lines": [], "summary": {"covered_lines": 0, "num_statements": 25, "percent_covered": 0.0, "percent_covered_display": "0", "missing_lines": 25, "excluded_lines": 0, "num_branches": 14, "num_partial_branches": 0, "covered_branches": 0, "missing_branches": 14}, "missing_lines": [320, 322, 323, 324, 326, 327, 329, 330, 332, 336, 337, 340, 341, 344, 345, 346, 347, 349, 355, 356, 358, 359, 360, 361, 363], "excluded_lines": [], "executed_branches": [], "missing_branches": [[322, 323], [322, 363], [324, 326], [324, 344], [327, 329], [327, 340], [344, 345], [344, 355], [346, 347], [346, 355], [355, 322], [355, 356], [359, 360], [359, 361]]}, "SSHHandler.is_connected": {"executed_lines": [], "summary": {"covered_lines": 0, "num_statements": 1, "percent_covered": 0.0, "percent_covered_display": "0", "missing_lines": 1, "excluded_lines": 0, "num_branches": 0, "num_partial_branches": 0, "covered_branches": 0, "missing_branches": 0}, "missing_lines": [368], "excluded_lines": [], "executed_branches": [], "missing_branches": []}, "SSHHandler.connection_info": {"executed_lines": [], "summary": {"covered_lines": 0, "num_statements": 1, "percent_covered": 0.0, "percent_covered_display": "0", "missing_lines": 1, "excluded_lines": 0, "num_branches": 0, "num_partial_branches": 0, "covered_branches": 0, "missing_branches": 0}, "missing_lines": [373], "excluded_lines": [], "executed_branches": [], "missing_branches": []}, "SSHHandler.get_terminal_size": {"executed_lines": [], "summary": {"covered_lines": 0, "num_statements": 1, "percent_covered": 0.0, "percent_covered_display": "0", "missing_lines": 1, "excluded_lines": 0, "num_branches": 0, "num_partial_branches": 0, "covered_branches": 0, "missing_branches": 0}, "missing_lines": [383], "excluded_lines": [], "executed_branches": [], "missing_branches": []}, "": {"executed_lines": [1, 7, 8, 9, 10, 12, 13, 15, 16, 17, 20, 21, 28, 68, 190, 218, 240, 268, 303, 318, 365, 366, 370, 371, 381], "summary": {"covered_lines": 23, "num_statements": 23, "percent_covered": 100.0, "percent_covered_display": "100", "missing_lines": 0, "excluded_lines": 0, "num_branches": 0, "num_partial_branches": 0, "covered_branches": 0, "missing_branches": 0}, "missing_lines": [], "excluded_lines": [], "executed_branches": [], "missing_branches": []}}, "classes": {"SSHHandler": {"executed_lines": [], "summary": {"covered_lines": 0, "num_statements": 138, "percent_covered": 0.0, "percent_covered_display": "0", "missing_lines": 138, "excluded_lines": 0, "num_branches": 38, "num_partial_branches": 0, "covered_branches": 0, "missing_branches": 38}, "missing_lines": [46, 47, 48, 49, 50, 53, 54, 55, 58, 59, 62, 63, 66, 75, 76, 81, 82, 85, 95, 96, 97, 98, 99, 100, 101, 106, 109, 115, 122, 123, 125, 126, 132, 133, 134, 146, 148, 149, 152, 155, 157, 159, 165, 166, 167, 168, 173, 174, 175, 176, 181, 182, 183, 184, 192, 193, 196, 197, 198, 201, 202, 203, 204, 205, 206, 209, 210, 211, 212, 213, 214, 216, 228, 229, 231, 233, 234, 236, 237, 238, 251, 252, 254, 255, 256, 259, 261, 262, 264, 265, 266, 278, 279, 281, 283, 290, 291, 292, 293, 294, 296, 297, 299, 300, 301, 305, 306, 309, 314, 316, 320, 322, 323, 324, 326, 327, 329, 330, 332, 336, 337, 340, 341, 344, 345, 346, 347, 349, 355, 356, 358, 359, 360, 361, 363, 368, 373, 383], "excluded_lines": [], "executed_branches": [], "missing_branches": [[95, 96], [95, 106], [106, 109], [106, 115], [122, 123], [122, 125], [133, 134], [133, 146], [197, 198], [197, 201], [201, 202], [201, 209], [209, 210], [209, 216], [228, 229], [228, 231], [251, 252], [251, 254], [278, 279], [278, 281], [291, 292], [291, 296], [305, 306], [305, 309], [322, 323], [322, 363], [324, 326], [324, 344], [327, 329], [327, 340], [344, 345], [344, 355], [346, 347], [346, 355], [355, 322], [355, 356], [359, 360], [359, 361]]}, "": {"executed_lines": [1, 7, 8, 9, 10, 12, 13, 15, 16, 17, 20, 21, 28, 68, 190, 218, 240, 268, 303, 318, 365, 366, 370, 371, 381], "summary": {"covered_lines": 23, "num_statements": 23, "percent_covered": 100.0, "percent_covered_display": "100", "missing_lines": 0, "excluded_lines": 0, "num_branches": 0, "num_partial_branches": 0, "covered_branches": 0, "missing_branches": 0}, "missing_lines": [], "excluded_lines": [], "executed_branches": [], "missing_branches": []}}}, "app/websocket/terminal.py": {"executed_lines": [1, 8, 9, 11, 13, 14, 15, 17, 22, 23, 25, 32, 33, 41, 78, 111, 140, 171, 217, 245, 319, 349, 370, 385, 393, 394, 398, 399, 403, 404, 408], "summary": {"covered_lines": 29, "num_statements": 198, "percent_covered": 11.627906976744185, "percent_covered_display": "12", "missing_lines": 169, "excluded_lines": 0, "num_branches": 60, "num_partial_branches": 1, "covered_branches": 1, "missing_branches": 59}, "missing_lines": [26, 27, 29, 57, 58, 59, 60, 63, 64, 67, 68, 71, 72, 75, 76, 85, 87, 88, 89, 91, 92, 93, 96, 97, 98, 101, 102, 104, 106, 107, 108, 109, 113, 116, 117, 118, 120, 121, 122, 125, 126, 127, 128, 129, 134, 135, 136, 138, 147, 148, 150, 152, 153, 154, 155, 157, 160, 162, 163, 167, 168, 169, 179, 180, 182, 183, 184, 187, 188, 189, 190, 191, 194, 195, 196, 197, 202, 203, 204, 206, 207, 211, 213, 214, 215, 224, 225, 227, 229, 230, 231, 232, 233, 235, 236, 238, 242, 243, 247, 249, 250, 252, 254, 255, 258, 260, 262, 263, 264, 267, 268, 269, 272, 281, 283, 284, 288, 291, 292, 293, 300, 302, 305, 311, 312, 314, 315, 316, 317, 321, 323, 330, 332, 333, 334, 336, 339, 341, 342, 344, 345, 346, 347, 356, 358, 361, 364, 365, 367, 368, 377, 378, 381, 382, 383, 387, 388, 389, 390, 391, 396, 401, 406, 410, 417, 418, 419, 420, 425], "excluded_lines": [], "executed_branches": [[25, 32]], "missing_branches": [[25, 26], [87, 88], [87, 101], [91, 92], [91, 96], [101, 102], [101, 104], [116, 117], [116, 120], [120, 121], [120, 125], [125, 126], [125, 138], [147, 148], [147, 150], [152, 153], [152, 154], [154, 155], [154, 157], [162, -140], [162, 163], [179, 180], [179, 182], [188, 189], [188, 190], [190, 191], [190, 194], [194, 195], [194, 206], [206, 207], [206, 211], [224, 225], [224, 227], [230, 231], [230, 232], [232, 233], [232, 235], [235, 236], [235, 238], [249, 250], [249, 252], [254, 255], [254, 260], [262, 263], [262, 267], [268, 269], [268, 272], [283, 284], [283, 291], [291, 292], [291, 302], [332, 333], [332, 336], [364, -349], [364, 365], [417, 418], [417, 419], [419, 420], [419, 425]], "functions": {"TerminalSession.__init__": {"executed_lines": [], "summary": {"covered_lines": 0, "num_statements": 12, "percent_covered": 0.0, "percent_covered_display": "0", "missing_lines": 12, "excluded_lines": 0, "num_branches": 0, "num_partial_branches": 0, "covered_branches": 0, "missing_branches": 0}, "missing_lines": [57, 58, 59, 60, 63, 64, 67, 68, 71, 72, 75, 76], "excluded_lines": [], "executed_branches": [], "missing_branches": []}, "TerminalSession.start": {"executed_lines": [], "summary": {"covered_lines": 0, "num_statements": 17, "percent_covered": 0.0, "percent_covered_display": "0", "missing_lines": 17, "excluded_lines": 0, "num_branches": 6, "num_partial_branches": 0, "covered_branches": 0, "missing_branches": 6}, "missing_lines": [85, 87, 88, 89, 91, 92, 93, 96, 97, 98, 101, 102, 104, 106, 107, 108, 109], "excluded_lines": [], "executed_branches": [], "missing_branches": [[87, 88], [87, 101], [91, 92], [91, 96], [101, 102], [101, 104]]}, "TerminalSession.stop": {"executed_lines": [], "summary": {"covered_lines": 0, "num_statements": 16, "percent_covered": 0.0, "percent_covered_display": "0", "missing_lines": 16, "excluded_lines": 0, "num_branches": 6, "num_partial_branches": 0, "covered_branches": 0, "missing_branches": 6}, "missing_lines": [113, 116, 117, 118, 120, 121, 122, 125, 126, 127, 128, 129, 134, 135, 136, 138], "excluded_lines": [], "executed_branches": [], "missing_branches": [[116, 117], [116, 120], [120, 121], [120, 125], [125, 126], [125, 138]]}, "TerminalSession.handle_input": {"executed_lines": [], "summary": {"covered_lines": 0, "num_statements": 14, "percent_covered": 0.0, "percent_covered_display": "0", "missing_lines": 14, "excluded_lines": 0, "num_branches": 8, "num_partial_branches": 0, "covered_branches": 0, "missing_branches": 8}, "missing_lines": [147, 148, 150, 152, 153, 154, 155, 157, 160, 162, 163, 167, 168, 169], "excluded_lines": [], "executed_branches": [], "missing_branches": [[147, 148], [147, 150], [152, 153], [152, 154], [154, 155], [154, 157], [162, -140], [162, 163]]}, "TerminalSession.handle_resize": {"executed_lines": [], "summary": {"covered_lines": 0, "num_statements": 23, "percent_covered": 0.0, "percent_covered_display": "0", "missing_lines": 23, "excluded_lines": 0, "num_branches": 10, "num_partial_branches": 0, "covered_branches": 0, "missing_branches": 10}, "missing_lines": [179, 180, 182, 183, 184, 187, 188, 189, 190, 191, 194, 195, 196, 197, 202, 203, 204, 206, 207, 211, 213, 214, 215], "excluded_lines": [], "executed_branches": [], "missing_branches": [[179, 180], [179, 182], [188, 189], [188, 190], [190, 191], [190, 194], [194, 195], [194, 206], [206, 207], [206, 211]]}, "TerminalSession.handle_signal": {"executed_lines": [], "summary": {"covered_lines": 0, "num_statements": 13, "percent_covered": 0.0, "percent_covered_display": "0", "missing_lines": 13, "excluded_lines": 0, "num_branches": 8, "num_partial_branches": 0, "covered_branches": 0, "missing_branches": 8}, "missing_lines": [224, 225, 227, 229, 230, 231, 232, 233, 235, 236, 238, 242, 243], "excluded_lines": [], "executed_branches": [], "missing_branches": [[224, 225], [224, 227], [230, 231], [230, 232], [232, 233], [232, 235], [235, 236], [235, 238]]}, "TerminalSession._start_ssh_session": {"executed_lines": [], "summary": {"covered_lines": 0, "num_statements": 31, "percent_covered": 0.0, "percent_covered_display": "0", "missing_lines": 31, "excluded_lines": 0, "num_branches": 12, "num_partial_branches": 0, "covered_branches": 0, "missing_branches": 12}, "missing_lines": [247, 249, 250, 252, 254, 255, 258, 260, 262, 263, 264, 267, 268, 269, 272, 281, 283, 284, 288, 291, 292, 293, 300, 302, 305, 311, 312, 314, 315, 316, 317], "excluded_lines": [], "executed_branches": [], "missing_branches": [[249, 250], [249, 252], [254, 255], [254, 260], [262, 263], [262, 267], [268, 269], [268, 272], [283, 284], [283, 291], [291, 292], [291, 302]]}, "TerminalSession._start_pty_session": {"executed_lines": [], "summary": {"covered_lines": 0, "num_statements": 14, "percent_covered": 0.0, "percent_covered_display": "0", "missing_lines": 14, "excluded_lines": 0, "num_branches": 2, "num_partial_branches": 0, "covered_branches": 0, "missing_branches": 2}, "missing_lines": [321, 323, 330, 332, 333, 334, 336, 339, 341, 342, 344, 345, 346, 347], "excluded_lines": [], "executed_branches": [], "missing_branches": [[332, 333], [332, 336]]}, "TerminalSession._handle_output": {"executed_lines": [], "summary": {"covered_lines": 0, "num_statements": 7, "percent_covered": 0.0, "percent_covered_display": "0", "missing_lines": 7, "excluded_lines": 0, "num_branches": 2, "num_partial_branches": 0, "covered_branches": 0, "missing_branches": 2}, "missing_lines": [356, 358, 361, 364, 365, 367, 368], "excluded_lines": [], "executed_branches": [], "missing_branches": [[364, -349], [364, 365]]}, "TerminalSession._send_status": {"executed_lines": [], "summary": {"covered_lines": 0, "num_statements": 5, "percent_covered": 0.0, "percent_covered_display": "0", "missing_lines": 5, "excluded_lines": 0, "num_branches": 0, "num_partial_branches": 0, "covered_branches": 0, "missing_branches": 0}, "missing_lines": [377, 378, 381, 382, 383], "excluded_lines": [], "executed_branches": [], "missing_branches": []}, "TerminalSession._send_error": {"executed_lines": [], "summary": {"covered_lines": 0, "num_statements": 5, "percent_covered": 0.0, "percent_covered_display": "0", "missing_lines": 5, "excluded_lines": 0, "num_branches": 0, "num_partial_branches": 0, "covered_branches": 0, "missing_branches": 0}, "missing_lines": [387, 388, 389, 390, 391], "excluded_lines": [], "executed_branches": [], "missing_branches": []}, "TerminalSession.is_running": {"executed_lines": [], "summary": {"covered_lines": 0, "num_statements": 1, "percent_covered": 0.0, "percent_covered_display": "0", "missing_lines": 1, "excluded_lines": 0, "num_branches": 0, "num_partial_branches": 0, "covered_branches": 0, "missing_branches": 0}, "missing_lines": [396], "excluded_lines": [], "executed_branches": [], "missing_branches": []}, "TerminalSession.session_type": {"executed_lines": [], "summary": {"covered_lines": 0, "num_statements": 1, "percent_covered": 0.0, "percent_covered_display": "0", "missing_lines": 1, "excluded_lines": 0, "num_branches": 0, "num_partial_branches": 0, "covered_branches": 0, "missing_branches": 0}, "missing_lines": [401], "excluded_lines": [], "executed_branches": [], "missing_branches": []}, "TerminalSession.terminal_size": {"executed_lines": [], "summary": {"covered_lines": 0, "num_statements": 1, "percent_covered": 0.0, "percent_covered_display": "0", "missing_lines": 1, "excluded_lines": 0, "num_branches": 0, "num_partial_branches": 0, "covered_branches": 0, "missing_branches": 0}, "missing_lines": [406], "excluded_lines": [], "executed_branches": [], "missing_branches": []}, "TerminalSession.get_status": {"executed_lines": [], "summary": {"covered_lines": 0, "num_statements": 6, "percent_covered": 0.0, "percent_covered_display": "0", "missing_lines": 6, "excluded_lines": 0, "num_branches": 4, "num_partial_branches": 0, "covered_branches": 0, "missing_branches": 4}, "missing_lines": [410, 417, 418, 419, 420, 425], "excluded_lines": [], "executed_branches": [], "missing_branches": [[417, 418], [417, 419], [419, 420], [419, 425]]}, "": {"executed_lines": [1, 8, 9, 11, 13, 14, 15, 17, 22, 23, 25, 32, 33, 41, 78, 111, 140, 171, 217, 245, 319, 349, 370, 385, 393, 394, 398, 399, 403, 404, 408], "summary": {"covered_lines": 29, "num_statements": 32, "percent_covered": 88.23529411764706, "percent_covered_display": "88", "missing_lines": 3, "excluded_lines": 0, "num_branches": 2, "num_partial_branches": 1, "covered_branches": 1, "missing_branches": 1}, "missing_lines": [26, 27, 29], "excluded_lines": [], "executed_branches": [[25, 32]], "missing_branches": [[25, 26]]}}, "classes": {"TerminalSession": {"executed_lines": [], "summary": {"covered_lines": 0, "num_statements": 166, "percent_covered": 0.0, "percent_covered_display": "0", "missing_lines": 166, "excluded_lines": 0, "num_branches": 58, "num_partial_branches": 0, "covered_branches": 0, "missing_branches": 58}, "missing_lines": [57, 58, 59, 60, 63, 64, 67, 68, 71, 72, 75, 76, 85, 87, 88, 89, 91, 92, 93, 96, 97, 98, 101, 102, 104, 106, 107, 108, 109, 113, 116, 117, 118, 120, 121, 122, 125, 126, 127, 128, 129, 134, 135, 136, 138, 147, 148, 150, 152, 153, 154, 155, 157, 160, 162, 163, 167, 168, 169, 179, 180, 182, 183, 184, 187, 188, 189, 190, 191, 194, 195, 196, 197, 202, 203, 204, 206, 207, 211, 213, 214, 215, 224, 225, 227, 229, 230, 231, 232, 233, 235, 236, 238, 242, 243, 247, 249, 250, 252, 254, 255, 258, 260, 262, 263, 264, 267, 268, 269, 272, 281, 283, 284, 288, 291, 292, 293, 300, 302, 305, 311, 312, 314, 315, 316, 317, 321, 323, 330, 332, 333, 334, 336, 339, 341, 342, 344, 345, 346, 347, 356, 358, 361, 364, 365, 367, 368, 377, 378, 381, 382, 383, 387, 388, 389, 390, 391, 396, 401, 406, 410, 417, 418, 419, 420, 425], "excluded_lines": [], "executed_branches": [], "missing_branches": [[87, 88], [87, 101], [91, 92], [91, 96], [101, 102], [101, 104], [116, 117], [116, 120], [120, 121], [120, 125], [125, 126], [125, 138], [147, 148], [147, 150], [152, 153], [152, 154], [154, 155], [154, 157], [162, -140], [162, 163], [179, 180], [179, 182], [188, 189], [188, 190], [190, 191], [190, 194], [194, 195], [194, 206], [206, 207], [206, 211], [224, 225], [224, 227], [230, 231], [230, 232], [232, 233], [232, 235], [235, 236], [235, 238], [249, 250], [249, 252], [254, 255], [254, 260], [262, 263], [262, 267], [268, 269], [268, 272], [283, 284], [283, 291], [291, 292], [291, 302], [332, 333], [332, 336], [364, -349], [364, 365], [417, 418], [417, 419], [419, 420], [419, 425]]}, "": {"executed_lines": [1, 8, 9, 11, 13, 14, 15, 17, 22, 23, 25, 32, 33, 41, 78, 111, 140, 171, 217, 245, 319, 349, 370, 385, 393, 394, 398, 399, 403, 404, 408], "summary": {"covered_lines": 29, "num_statements": 32, "percent_covered": 88.23529411764706, "percent_covered_display": "88", "missing_lines": 3, "excluded_lines": 0, "num_branches": 2, "num_partial_branches": 1, "covered_branches": 1, "missing_branches": 1}, "missing_lines": [26, 27, 29], "excluded_lines": [], "executed_branches": [[25, 32]], "missing_branches": [[25, 26]]}}}}, "totals": {"covered_lines": 2674, "num_statements": 7633, "percent_covered": 29.304187858456878, "percent_covered_display": "29", "missing_lines": 4959, "excluded_lines": 17, "num_branches": 1608, "num_partial_branches": 28, "covered_branches": 34, "missing_branches": 1574}}